00:30:50 **** Incremental Build of configuration x86_64-debug for project RadarSubsystem ****
make -j8 all 
make: Nothing to be done for 'all'.
00:34:56 **** Incremental Build of configuration x86_64-debug for project RadarSubsystem ****
make -j8 all 
make: Nothing to be done for 'all'.
00:35:03 **** Incremental Build of configuration x86_64-debug for project ComputerSystem ****
make -j8 all 
make: Nothing to be done for 'all'.
00:36:15 **** Incremental Build of configuration x86_64-debug for project RadarSubsystem ****
make -j8 all 
make: Nothing to be done for 'all'.
00:36:49 **** Incremental Build of configuration x86_64-debug for project RadarSubsystem ****
make -j8 all 
make: Nothing to be done for 'all'.
00:37:06 **** Incremental Build of configuration x86_64-debug for project RadarSubsystem ****
make -j8 all 
make: Nothing to be done for 'all'.
00:39:20 **** Incremental Build of configuration x86_64-debug for project RadarSubsystem ****
make -j8 all 
q++ -Vgcc_ntox86_64_cxx -c -Wp,-MMD,build/x86_64-debug/src/RadarSubsystem.d,-MT,build/x86_64-debug/src/RadarSubsystem.o -o build/x86_64-debug/src/RadarSubsystem.o  -Wall -fmessage-length=0 -g -O0 -fno-builtin  src/RadarSubsystem.cpp
q++ -Vgcc_ntox86_64_cxx -o build/x86_64-debug/RadarSubsystem   build/x86_64-debug/src/RadarSubsystem.o  
00:39:29 **** Incremental Build of configuration x86_64-debug for project ComputerSystem ****
make -j8 all 
q++ -Vgcc_ntox86_64_cxx -c -Wp,-MMD,build/x86_64-debug/src/ComputerSystem.d,-MT,build/x86_64-debug/src/ComputerSystem.o -o build/x86_64-debug/src/ComputerSystem.o  -Wall -fmessage-length=0 -g -O0 -fno-builtin  src/ComputerSystem.cpp
q++ -Vgcc_ntox86_64_cxx -o build/x86_64-debug/ComputerSystem   build/x86_64-debug/src/ComputerSystem.o  
00:42:51 **** Incremental Build of configuration x86_64-debug for project ComputerSystem ****
make -j8 all 
q++ -Vgcc_ntox86_64_cxx -c -Wp,-MMD,build/x86_64-debug/src/ComputerSystem.d,-MT,build/x86_64-debug/src/ComputerSystem.o -o build/x86_64-debug/src/ComputerSystem.o  -Wall -fmessage-length=0 -g -O0 -fno-builtin  src/ComputerSystem.cpp
q++ -Vgcc_ntox86_64_cxx -o build/x86_64-debug/ComputerSystem   build/x86_64-debug/src/ComputerSystem.o  
00:47:36 **** Incremental Build of configuration x86_64-debug for project ComputerSystem ****
make -j8 all 
make: Nothing to be done for 'all'.
00:47:39 **** Incremental Build of configuration x86_64-debug for project ComputerSystem ****
make -j8 all 
make: Nothing to be done for 'all'.
00:48:01 **** Incremental Build of configuration x86_64-debug for project RadarSubsystem ****
make -j8 all 
q++ -Vgcc_ntox86_64_cxx -c -Wp,-MMD,build/x86_64-debug/src/RadarSubsystem.d,-MT,build/x86_64-debug/src/RadarSubsystem.o -o build/x86_64-debug/src/RadarSubsystem.o  -Wall -fmessage-length=0 -g -O0 -fno-builtin  src/RadarSubsystem.cpp
src/RadarSubsystem.cpp: In function 'int main()':
src/RadarSubsystem.cpp:50:2: error: 'shm_fd' was not declared in this scope
  shm_fd = shm_open(SHM_NAME, O_CREAT | O_RDWR, 0666);
  ^~~~~~
src/RadarSubsystem.cpp:50:2: note: suggested alternative: 'smh_fd'
  shm_fd = shm_open(SHM_NAME, O_CREAT | O_RDWR, 0666);
  ^~~~~~
  smh_fd
cc: C:/Users/david/qnx710/host/win64/x86_64/usr/lib/gcc/x86_64-pc-nto-qnx7.1.0/8.3.0/cc1plus caught signal 1
Makefile:58: recipe for target 'build/x86_64-debug/src/RadarSubsystem.o' failed
make: *** [build/x86_64-debug/src/RadarSubsystem.o] Error 1
"make -j8 all" terminated with exit code 2. Build might be incomplete.
00:48:25 **** Incremental Build of configuration x86_64-debug for project RadarSubsystem ****
make -j8 all 
q++ -Vgcc_ntox86_64_cxx -c -Wp,-MMD,build/x86_64-debug/src/RadarSubsystem.d,-MT,build/x86_64-debug/src/RadarSubsystem.o -o build/x86_64-debug/src/RadarSubsystem.o  -Wall -fmessage-length=0 -g -O0 -fno-builtin  src/RadarSubsystem.cpp
q++ -Vgcc_ntox86_64_cxx -o build/x86_64-debug/RadarSubsystem   build/x86_64-debug/src/RadarSubsystem.o  
00:48:36 **** Incremental Build of configuration x86_64-debug for project RadarSubsystem ****
make -j8 all 
make: Nothing to be done for 'all'.
00:48:48 **** Incremental Build of configuration x86_64-debug for project ComputerSystem ****
make -j8 all 
make: Nothing to be done for 'all'.
00:52:14 **** Incremental Build of configuration x86_64-debug for project ComputerSystem ****
make -j8 all 
q++ -Vgcc_ntox86_64_cxx -c -Wp,-MMD,build/x86_64-debug/src/ComputerSystem.d,-MT,build/x86_64-debug/src/ComputerSystem.o -o build/x86_64-debug/src/ComputerSystem.o  -Wall -fmessage-length=0 -g -O0 -fno-builtin  src/ComputerSystem.cpp
src/ComputerSystem.cpp: In function 'void* violationCheck(void*)':
src/ComputerSystem.cpp:47:32: error: no match for 'operator<<' (operand types are 'std::__1::basic_ostream<char>' and 'AircraftData')
     std::cout << "Aircraft 1: "<< aircrafts[i] << " Aircraft 2: " << aircrafts[j] << endl;
     ~~~~~~~~~~~~~~~~~~~~~~~~~~~^~~~~~~~~~~~~~~
In file included from C:/Users/david/qnx710/target/qnx7/usr/include/c++/v1/istream:164,
                 from C:/Users/david/qnx710/target/qnx7/usr/include/c++/v1/iostream:40,
                 from src/ComputerSystem.cpp:1:
C:/Users/david/qnx710/target/qnx7/usr/include/c++/v1/ostream:195:20: note: candidate: 'std::__1::basic_ostream<_CharT, _Traits>& std::__1::basic_ostream<_CharT, _Traits>::operator<<(std::__1::basic_ostream<_CharT, _Traits>& (*)(std::__1::basic_ostream<_CharT, _Traits>&)) [with _CharT = char; _Traits = std::__1::char_traits<char>]'
     basic_ostream& operator<<(basic_ostream& (*__pf)(basic_ostream&))
                    ^~~~~~~~
C:/Users/david/qnx710/target/qnx7/usr/include/c++/v1/ostream:195:20: note:   no known conversion for argument 1 from 'AircraftData' to 'std::__1::basic_ostream<char>& (*)(std::__1::basic_ostream<char>&)'
C:/Users/david/qnx710/target/qnx7/usr/include/c++/v1/ostream:199:20: note: candidate: 'std::__1::basic_ostream<_CharT, _Traits>& std::__1::basic_ostream<_CharT, _Traits>::operator<<(std::__1::basic_ios<_CharT, _Traits>& (*)(std::__1::basic_ios<_CharT, _Traits>&)) [with _CharT = char; _Traits = std::__1::char_traits<char>]'
     basic_ostream& operator<<(basic_ios<char_type, traits_type>&
                    ^~~~~~~~
C:/Users/david/qnx710/target/qnx7/usr/include/c++/v1/ostream:199:20: note:   no known conversion for argument 1 from 'AircraftData' to 'std::__1::basic_ios<char>& (*)(std::__1::basic_ios<char>&)'
C:/Users/david/qnx710/target/qnx7/usr/include/c++/v1/ostream:204:20: note: candidate: 'std::__1::basic_ostream<_CharT, _Traits>& std::__1::basic_ostream<_CharT, _Traits>::operator<<(std::__1::ios_base& (*)(std::__1::ios_base&)) [with _CharT = char; _Traits = std::__1::char_traits<char>]'
     basic_ostream& operator<<(ios_base& (*__pf)(ios_base&))
                    ^~~~~~~~
C:/Users/david/qnx710/target/qnx7/usr/include/c++/v1/ostream:204:20: note:   no known conversion for argument 1 from 'AircraftData' to 'std::__1::ios_base& (*)(std::__1::ios_base&)'
C:/Users/david/qnx710/target/qnx7/usr/include/c++/v1/ostream:369:1: note: candidate: 'std::__1::basic_ostream<_CharT, _Traits>& std::__1::basic_ostream<_CharT, _Traits>::operator<<(bool) [with _CharT = char; _Traits = std::__1::char_traits<char>]'
 basic_ostream<_CharT, _Traits>::operator<<(bool __n)
 ^~~~~~~~~~~~~~~~~~~~~~~~~~~~~~
C:/Users/david/qnx710/target/qnx7/usr/include/c++/v1/ostream:369:1: note:   no known conversion for argument 1 from 'AircraftData' to 'bool'
C:/Users/david/qnx710/target/qnx7/usr/include/c++/v1/ostream:395:1: note: candidate: 'std::__1::basic_ostream<_CharT, _Traits>& std::__1::basic_ostream<_CharT, _Traits>::operator<<(short int) [with _CharT = char; _Traits = std::__1::char_traits<char>]'
 basic_ostream<_CharT, _Traits>::operator<<(short __n)
 ^~~~~~~~~~~~~~~~~~~~~~~~~~~~~~
C:/Users/david/qnx710/target/qnx7/usr/include/c++/v1/ostream:395:1: note:   no known conversion for argument 1 from 'AircraftData' to 'short int'
C:/Users/david/qnx710/target/qnx7/usr/include/c++/v1/ostream:425:1: note: candidate: 'std::__1::basic_ostream<_CharT, _Traits>& std::__1::basic_ostream<_CharT, _Traits>::operator<<(short unsigned int) [with _CharT = char; _Traits = std::__1::char_traits<char>]'
 basic_ostream<_CharT, _Traits>::operator<<(unsigned short __n)
 ^~~~~~~~~~~~~~~~~~~~~~~~~~~~~~
C:/Users/david/qnx710/target/qnx7/usr/include/c++/v1/ostream:425:1: note:   no known conversion for argument 1 from 'AircraftData' to 'short unsigned int'
C:/Users/david/qnx710/target/qnx7/usr/include/c++/v1/ostream:451:1: note: candidate: 'std::__1::basic_ostream<_CharT, _Traits>& std::__1::basic_ostream<_CharT, _Traits>::operator<<(int) [with _CharT = char; _Traits = std::__1::char_traits<char>]'
 basic_ostream<_CharT, _Traits>::operator<<(int __n)
 ^~~~~~~~~~~~~~~~~~~~~~~~~~~~~~
C:/Users/david/qnx710/target/qnx7/usr/include/c++/v1/ostream:451:1: note:   no known conversion for argument 1 from 'AircraftData' to 'int'
C:/Users/david/qnx710/target/qnx7/usr/include/c++/v1/ostream:481:1: note: candidate: 'std::__1::basic_ostream<_CharT, _Traits>& std::__1::basic_ostream<_CharT, _Traits>::operator<<(unsigned int) [with _CharT = char; _Traits = std::__1::char_traits<char>]'
 basic_ostream<_CharT, _Traits>::operator<<(unsigned int __n)
 ^~~~~~~~~~~~~~~~~~~~~~~~~~~~~~
C:/Users/david/qnx710/target/qnx7/usr/include/c++/v1/ostream:481:1: note:   no known conversion for argument 1 from 'AircraftData' to 'unsigned int'
C:/Users/david/qnx710/target/qnx7/usr/include/c++/v1/ostream:507:1: note: candidate: 'std::__1::basic_ostream<_CharT, _Traits>& std::__1::basic_ostream<_CharT, _Traits>::operator<<(long int) [with _CharT = char; _Traits = std::__1::char_traits<char>]'
 basic_ostream<_CharT, _Traits>::operator<<(long __n)
 ^~~~~~~~~~~~~~~~~~~~~~~~~~~~~~
C:/Users/david/qnx710/target/qnx7/usr/include/c++/v1/ostream:507:1: note:   no known conversion for argument 1 from 'AircraftData' to 'long int'
C:/Users/david/qnx710/target/qnx7/usr/include/c++/v1/ostream:533:1: note: candidate: 'std::__1::basic_ostream<_CharT, _Traits>& std::__1::basic_ostream<_CharT, _Traits>::operator<<(long unsigned int) [with _CharT = char; _Traits = std::__1::char_traits<char>]'
 basic_ostream<_CharT, _Traits>::operator<<(unsigned long __n)
 ^~~~~~~~~~~~~~~~~~~~~~~~~~~~~~
C:/Users/david/qnx710/target/qnx7/usr/include/c++/v1/ostream:533:1: note:   no known conversion for argument 1 from 'AircraftData' to 'long unsigned int'
C:/Users/david/qnx710/target/qnx7/usr/include/c++/v1/ostream:559:1: note: candidate: 'std::__1::basic_ostream<_CharT, _Traits>& std::__1::basic_ostream<_CharT, _Traits>::operator<<(long long int) [with _CharT = char; _Traits = std::__1::char_traits<char>]'
 basic_ostream<_CharT, _Traits>::operator<<(long long __n)
 ^~~~~~~~~~~~~~~~~~~~~~~~~~~~~~
C:/Users/david/qnx710/target/qnx7/usr/include/c++/v1/ostream:559:1: note:   no known conversion for argument 1 from 'AircraftData' to 'long long int'
C:/Users/david/qnx710/target/qnx7/usr/include/c++/v1/ostream:585:1: note: candidate: 'std::__1::basic_ostream<_CharT, _Traits>& std::__1::basic_ostream<_CharT, _Traits>::operator<<(long long unsigned int) [with _CharT = char; _Traits = std::__1::char_traits<char>]'
 basic_ostream<_CharT, _Traits>::operator<<(unsigned long long __n)
 ^~~~~~~~~~~~~~~~~~~~~~~~~~~~~~
C:/Users/david/qnx710/target/qnx7/usr/include/c++/v1/ostream:585:1: note:   no known conversion for argument 1 from 'AircraftData' to 'long long unsigned int'
C:/Users/david/qnx710/target/qnx7/usr/include/c++/v1/ostream:611:1: note: candidate: 'std::__1::basic_ostream<_CharT, _Traits>& std::__1::basic_ostream<_CharT, _Traits>::operator<<(float) [with _CharT = char; _Traits = std::__1::char_traits<char>]'
 basic_ostream<_CharT, _Traits>::operator<<(float __n)
 ^~~~~~~~~~~~~~~~~~~~~~~~~~~~~~
C:/Users/david/qnx710/target/qnx7/usr/include/c++/v1/ostream:611:1: note:   no known conversion for argument 1 from 'AircraftData' to 'float'
C:/Users/david/qnx710/target/qnx7/usr/include/c++/v1/ostream:637:1: note: candidate: 'std::__1::basic_ostream<_CharT, _Traits>& std::__1::basic_ostream<_CharT, _Traits>::operator<<(double) [with _CharT = char; _Traits = std::__1::char_traits<char>]'
 basic_ostream<_CharT, _Traits>::operator<<(double __n)
 ^~~~~~~~~~~~~~~~~~~~~~~~~~~~~~
C:/Users/david/qnx710/target/qnx7/usr/include/c++/v1/ostream:637:1: note:   no known conversion for argument 1 from 'AircraftData' to 'double'
C:/Users/david/qnx710/target/qnx7/usr/include/c++/v1/ostream:663:1: note: candidate: 'std::__1::basic_ostream<_CharT, _Traits>& std::__1::basic_ostream<_CharT, _Traits>::operator<<(long double) [with _CharT = char; _Traits = std::__1::char_traits<char>]'
 basic_ostream<_CharT, _Traits>::operator<<(long double __n)
 ^~~~~~~~~~~~~~~~~~~~~~~~~~~~~~
C:/Users/david/qnx710/target/qnx7/usr/include/c++/v1/ostream:663:1: note:   no known conversion for argument 1 from 'AircraftData' to 'long double'
C:/Users/david/qnx710/target/qnx7/usr/include/c++/v1/ostream:689:1: note: candidate: 'std::__1::basic_ostream<_CharT, _Traits>& std::__1::basic_ostream<_CharT, _Traits>::operator<<(const void*) [with _CharT = char; _Traits = std::__1::char_traits<char>]'
 basic_ostream<_CharT, _Traits>::operator<<(const void* __n)
 ^~~~~~~~~~~~~~~~~~~~~~~~~~~~~~
C:/Users/david/qnx710/target/qnx7/usr/include/c++/v1/ostream:689:1: note:   no known conversion for argument 1 from 'AircraftData' to 'const void*'
C:/Users/david/qnx710/target/qnx7/usr/include/c++/v1/ostream:317:1: note: candidate: 'std::__1::basic_ostream<_CharT, _Traits>& std::__1::basic_ostream<_CharT, _Traits>::operator<<(std::__1::basic_streambuf<_CharT, _Traits>*) [with _CharT = char; _Traits = std::__1::char_traits<char>]'
 basic_ostream<_CharT, _Traits>::operator<<(basic_streambuf<char_type, traits_type>* __sb)
 ^~~~~~~~~~~~~~~~~~~~~~~~~~~~~~
C:/Users/david/qnx710/target/qnx7/usr/include/c++/v1/ostream:317:1: note:   no known conversion for argument 1 from 'AircraftData' to 'std::__1::basic_streambuf<char>*'
C:/Users/david/qnx710/target/qnx7/usr/include/c++/v1/ostream:1070:1: note: candidate: 'template<class _CharT, class _Traits, class _Yp> std::__1::basic_ostream<_CharT, _Traits>& std::__1::operator<<(std::__1::basic_ostream<_CharT, _Traits>&, const std::__1::shared_ptr<_Yp>&)'
 operator<<(basic_ostream<_CharT, _Traits>& __os, shared_ptr<_Yp> const& __p)
 ^~~~~~~~
C:/Users/david/qnx710/target/qnx7/usr/include/c++/v1/ostream:1070:1: note:   template argument deduction/substitution failed:
src/ComputerSystem.cpp:47:46: note:   'AircraftData' is not derived from 'const std::__1::shared_ptr<_Yp>'
     std::cout << "Aircraft 1: "<< aircrafts[i] << " Aircraft 2: " << aircrafts[j] << endl;
                                              ^
In file included from C:/Users/david/qnx710/target/qnx7/usr/include/c++/v1/istream:164,
                 from C:/Users/david/qnx710/target/qnx7/usr/include/c++/v1/iostream:40,
                 from src/ComputerSystem.cpp:1:
C:/Users/david/qnx710/target/qnx7/usr/include/c++/v1/ostream:1045:1: note: candidate: 'template<class _CharT, class _Traits, class _Allocator> std::__1::basic_ostream<_CharT, _Traits>& std::__1::operator<<(std::__1::basic_ostream<_CharT, _Traits>&, const std::__1::basic_string<_CharT, _Traits, _Allocator>&)'
 operator<<(basic_ostream<_CharT, _Traits>& __os,
 ^~~~~~~~
C:/Users/david/qnx710/target/qnx7/usr/include/c++/v1/ostream:1045:1: note:   template argument deduction/substitution failed:
src/ComputerSystem.cpp:47:46: note:   'AircraftData' is not derived from 'const std::__1::basic_string<_CharT, _Traits, _Allocator>'
     std::cout << "Aircraft 1: "<< aircrafts[i] << " Aircraft 2: " << aircrafts[j] << endl;
                                              ^
In file included from C:/Users/david/qnx710/target/qnx7/usr/include/c++/v1/istream:164,
                 from C:/Users/david/qnx710/target/qnx7/usr/include/c++/v1/iostream:40,
                 from src/ComputerSystem.cpp:1:
C:/Users/david/qnx710/target/qnx7/usr/include/c++/v1/ostream:1089:1: note: candidate: 'template<class _CharT, class _Traits, long unsigned int _Size> std::__1::basic_ostream<_CharT, _Traits>& std::__1::operator<<(std::__1::basic_ostream<_CharT, _Traits>&, const std::__1::bitset<_Size>&)'
 operator<<(basic_ostream<_CharT, _Traits>& __os, const bitset<_Size>& __x)
 ^~~~~~~~
C:/Users/david/qnx710/target/qnx7/usr/include/c++/v1/ostream:1089:1: note:   template argument deduction/substitution failed:
src/ComputerSystem.cpp:47:46: note:   'AircraftData' is not derived from 'const std::__1::bitset<_Size>'
     std::cout << "Aircraft 1: "<< aircrafts[i] << " Aircraft 2: " << aircrafts[j] << endl;
                                              ^
In file included from C:/Users/david/qnx710/target/qnx7/usr/include/c++/v1/istream:164,
                 from C:/Users/david/qnx710/target/qnx7/usr/include/c++/v1/iostream:40,
                 from src/ComputerSystem.cpp:1:
C:/Users/david/qnx710/target/qnx7/usr/include/c++/v1/ostream:749:1: note: candidate: 'template<class _CharT, class _Traits> std::__1::basic_ostream<_CharT, _Traits>& std::__1::operator<<(std::__1::basic_ostream<_CharT, _Traits>&, _CharT)'
 operator<<(basic_ostream<_CharT, _Traits>& __os, _CharT __c)
 ^~~~~~~~
C:/Users/david/qnx710/target/qnx7/usr/include/c++/v1/ostream:749:1: note:   template argument deduction/substitution failed:
src/ComputerSystem.cpp:47:46: note:   deduced conflicting types for parameter '_CharT' ('char' and 'AircraftData')
     std::cout << "Aircraft 1: "<< aircrafts[i] << " Aircraft 2: " << aircrafts[j] << endl;
                                              ^
In file included from C:/Users/david/qnx710/target/qnx7/usr/include/c++/v1/istream:164,
                 from C:/Users/david/qnx710/target/qnx7/usr/include/c++/v1/iostream:40,
                 from src/ComputerSystem.cpp:1:
C:/Users/david/qnx710/target/qnx7/usr/include/c++/v1/ostream:756:1: note: candidate: 'template<class _CharT, class _Traits> std::__1::basic_ostream<_CharT, _Traits>& std::__1::operator<<(std::__1::basic_ostream<_CharT, _Traits>&, char)'
 operator<<(basic_ostream<_CharT, _Traits>& __os, char __cn)
 ^~~~~~~~
C:/Users/david/qnx710/target/qnx7/usr/include/c++/v1/ostream:756:1: note:   template argument deduction/substitution failed:
src/ComputerSystem.cpp:47:46: note:   cannot convert '*(aircrafts + ((sizetype)(((long unsigned int)i) * 64)))' (type 'AircraftData') to type 'char'
     std::cout << "Aircraft 1: "<< aircrafts[i] << " Aircraft 2: " << aircrafts[j] << endl;
                                   ~~~~~~~~~~~^
In file included from C:/Users/david/qnx710/target/qnx7/usr/include/c++/v1/istream:164,
                 from C:/Users/david/qnx710/target/qnx7/usr/include/c++/v1/iostream:40,
                 from src/ComputerSystem.cpp:1:
C:/Users/david/qnx710/target/qnx7/usr/include/c++/v1/ostream:789:1: note: candidate: 'template<class _Traits> std::__1::basic_ostream<char, _Traits>& std::__1::operator<<(std::__1::basic_ostream<char, _Traits>&, char)'
 operator<<(basic_ostream<char, _Traits>& __os, char __c)
 ^~~~~~~~
C:/Users/david/qnx710/target/qnx7/usr/include/c++/v1/ostream:789:1: note:   template argument deduction/substitution failed:
src/ComputerSystem.cpp:47:46: note:   cannot convert '*(aircrafts + ((sizetype)(((long unsigned int)i) * 64)))' (type 'AircraftData') to type 'char'
     std::cout << "Aircraft 1: "<< aircrafts[i] << " Aircraft 2: " << aircrafts[j] << endl;
                                   ~~~~~~~~~~~^
In file included from C:/Users/david/qnx710/target/qnx7/usr/include/c++/v1/istream:164,
                 from C:/Users/david/qnx710/target/qnx7/usr/include/c++/v1/iostream:40,
                 from src/ComputerSystem.cpp:1:
C:/Users/david/qnx710/target/qnx7/usr/include/c++/v1/ostream:796:1: note: candidate: 'template<class _Traits> std::__1::basic_ostream<char, _Traits>& std::__1::operator<<(std::__1::basic_ostream<char, _Traits>&, signed char)'
 operator<<(basic_ostream<char, _Traits>& __os, signed char __c)
 ^~~~~~~~
C:/Users/david/qnx710/target/qnx7/usr/include/c++/v1/ostream:796:1: note:   template argument deduction/substitution failed:
src/ComputerSystem.cpp:47:46: note:   cannot convert '*(aircrafts + ((sizetype)(((long unsigned int)i) * 64)))' (type 'AircraftData') to type 'signed char'
     std::cout << "Aircraft 1: "<< aircrafts[i] << " Aircraft 2: " << aircrafts[j] << endl;
                                   ~~~~~~~~~~~^
In file included from C:/Users/david/qnx710/target/qnx7/usr/include/c++/v1/istream:164,
                 from C:/Users/david/qnx710/target/qnx7/usr/include/c++/v1/iostream:40,
                 from src/ComputerSystem.cpp:1:
C:/Users/david/qnx710/target/qnx7/usr/include/c++/v1/ostream:803:1: note: candidate: 'template<class _Traits> std::__1::basic_ostream<char, _Traits>& std::__1::operator<<(std::__1::basic_ostream<char, _Traits>&, unsigned char)'
 operator<<(basic_ostream<char, _Traits>& __os, unsigned char __c)
 ^~~~~~~~
C:/Users/david/qnx710/target/qnx7/usr/include/c++/v1/ostream:803:1: note:   template argument deduction/substitution failed:
src/ComputerSystem.cpp:47:46: note:   cannot convert '*(aircrafts + ((sizetype)(((long unsigned int)i) * 64)))' (type 'AircraftData') to type 'unsigned char'
     std::cout << "Aircraft 1: "<< aircrafts[i] << " Aircraft 2: " << aircrafts[j] << endl;
                                   ~~~~~~~~~~~^
In file included from C:/Users/david/qnx710/target/qnx7/usr/include/c++/v1/istream:164,
                 from C:/Users/david/qnx710/target/qnx7/usr/include/c++/v1/iostream:40,
                 from src/ComputerSystem.cpp:1:
C:/Users/david/qnx710/target/qnx7/usr/include/c++/v1/ostream:810:1: note: candidate: 'template<class _CharT, class _Traits> std::__1::basic_ostream<_CharT, _Traits>& std::__1::operator<<(std::__1::basic_ostream<_CharT, _Traits>&, const _CharT*)'
 operator<<(basic_ostream<_CharT, _Traits>& __os, const _CharT* __str)
 ^~~~~~~~
C:/Users/david/qnx710/target/qnx7/usr/include/c++/v1/ostream:810:1: note:   template argument deduction/substitution failed:
src/ComputerSystem.cpp:47:46: note:   mismatched types 'const _CharT*' and 'AircraftData'
     std::cout << "Aircraft 1: "<< aircrafts[i] << " Aircraft 2: " << aircrafts[j] << endl;
                                              ^
In file included from C:/Users/david/qnx710/target/qnx7/usr/include/c++/v1/istream:164,
                 from C:/Users/david/qnx710/target/qnx7/usr/include/c++/v1/iostream:40,
                 from src/ComputerSystem.cpp:1:
C:/Users/david/qnx710/target/qnx7/usr/include/c++/v1/ostream:817:1: note: candidate: 'template<class _CharT, class _Traits> std::__1::basic_ostream<_CharT, _Traits>& std::__1::operator<<(std::__1::basic_ostream<_CharT, _Traits>&, const char*)'
 operator<<(basic_ostream<_CharT, _Traits>& __os, const char* __strn)
 ^~~~~~~~
C:/Users/david/qnx710/target/qnx7/usr/include/c++/v1/ostream:817:1: note:   template argument deduction/substitution failed:
src/ComputerSystem.cpp:47:46: note:   cannot convert '*(aircrafts + ((sizetype)(((long unsigned int)i) * 64)))' (type 'AircraftData') to type 'const char*'
     std::cout << "Aircraft 1: "<< aircrafts[i] << " Aircraft 2: " << aircrafts[j] << endl;
                                   ~~~~~~~~~~~^
In file included from C:/Users/david/qnx710/target/qnx7/usr/include/c++/v1/istream:164,
                 from C:/Users/david/qnx710/target/qnx7/usr/include/c++/v1/iostream:40,
                 from src/ComputerSystem.cpp:1:
C:/Users/david/qnx710/target/qnx7/usr/include/c++/v1/ostream:863:1: note: candidate: 'template<class _Traits> std::__1::basic_ostream<char, _Traits>& std::__1::operator<<(std::__1::basic_ostream<char, _Traits>&, const char*)'
 operator<<(basic_ostream<char, _Traits>& __os, const char* __str)
 ^~~~~~~~
C:/Users/david/qnx710/target/qnx7/usr/include/c++/v1/ostream:863:1: note:   template argument deduction/substitution failed:
src/ComputerSystem.cpp:47:46: note:   cannot convert '*(aircrafts + ((sizetype)(((long unsigned int)i) * 64)))' (type 'AircraftData') to type 'const char*'
     std::cout << "Aircraft 1: "<< aircrafts[i] << " Aircraft 2: " << aircrafts[j] << endl;
                                   ~~~~~~~~~~~^
In file included from C:/Users/david/qnx710/target/qnx7/usr/include/c++/v1/istream:164,
                 from C:/Users/david/qnx710/target/qnx7/usr/include/c++/v1/iostream:40,
                 from src/ComputerSystem.cpp:1:
C:/Users/david/qnx710/target/qnx7/usr/include/c++/v1/ostream:870:1: note: candidate: 'template<class _Traits> std::__1::basic_ostream<char, _Traits>& std::__1::operator<<(std::__1::basic_ostream<char, _Traits>&, const signed char*)'
 operator<<(basic_ostream<char, _Traits>& __os, const signed char* __str)
 ^~~~~~~~
C:/Users/david/qnx710/target/qnx7/usr/include/c++/v1/ostream:870:1: note:   template argument deduction/substitution failed:
src/ComputerSystem.cpp:47:46: note:   cannot convert '*(aircrafts + ((sizetype)(((long unsigned int)i) * 64)))' (type 'AircraftData') to type 'const signed char*'
     std::cout << "Aircraft 1: "<< aircrafts[i] << " Aircraft 2: " << aircrafts[j] << endl;
                                   ~~~~~~~~~~~^
In file included from C:/Users/david/qnx710/target/qnx7/usr/include/c++/v1/istream:164,
                 from C:/Users/david/qnx710/target/qnx7/usr/include/c++/v1/iostream:40,
                 from src/ComputerSystem.cpp:1:
C:/Users/david/qnx710/target/qnx7/usr/include/c++/v1/ostream:878:1: note: candidate: 'template<class _Traits> std::__1::basic_ostream<char, _Traits>& std::__1::operator<<(std::__1::basic_ostream<char, _Traits>&, const unsigned char*)'
 operator<<(basic_ostream<char, _Traits>& __os, const unsigned char* __str)
 ^~~~~~~~
C:/Users/david/qnx710/target/qnx7/usr/include/c++/v1/ostream:878:1: note:   template argument deduction/substitution failed:
src/ComputerSystem.cpp:47:46: note:   cannot convert '*(aircrafts + ((sizetype)(((long unsigned int)i) * 64)))' (type 'AircraftData') to type 'const unsigned char*'
     std::cout << "Aircraft 1: "<< aircrafts[i] << " Aircraft 2: " << aircrafts[j] << endl;
                                   ~~~~~~~~~~~^
In file included from C:/Users/david/qnx710/target/qnx7/usr/include/c++/v1/istream:164,
                 from C:/Users/david/qnx710/target/qnx7/usr/include/c++/v1/iostream:40,
                 from src/ComputerSystem.cpp:1:
C:/Users/david/qnx710/target/qnx7/usr/include/c++/v1/ostream:1035:1: note: candidate: 'template<class _Stream, class _Tp> typename std::__1::enable_if<((! std::__1::is_lvalue_reference<_Tp>::value) && std::__1::is_base_of<std::__1::ios_base, _Stream>::value), _Stream&&>::type std::__1::operator<<(_Stream&&, const _Tp&)'
 operator<<(_Stream&& __os, const _Tp& __x)
 ^~~~~~~~
C:/Users/david/qnx710/target/qnx7/usr/include/c++/v1/ostream:1035:1: note:   template argument deduction/substitution failed:
C:/Users/david/qnx710/target/qnx7/usr/include/c++/v1/ostream: In substitution of 'template<class _Stream, class _Tp> typename std::__1::enable_if<((! std::__1::is_lvalue_reference<_Tp>::value) && std::__1::is_base_of<std::__1::ios_base, _Stream>::value), _Stream&&>::type std::__1::operator<<(_Stream&&, const _Tp&) [with _Stream = std::__1::basic_ostream<char>&; _Tp = AircraftData]':
src/ComputerSystem.cpp:47:46:   required from here
C:/Users/david/qnx710/target/qnx7/usr/include/c++/v1/ostream:1035:1: error: no type named 'type' in 'struct std::__1::enable_if<false, std::__1::basic_ostream<char>&>'
C:/Users/david/qnx710/target/qnx7/usr/include/c++/v1/ostream:1053:1: note: candidate: 'template<class _CharT, class _Traits> std::__1::basic_ostream<_CharT, _Traits>& std::__1::operator<<(std::__1::basic_ostream<_CharT, _Traits>&, std::__1::basic_string_view<_CharT, _Traits>)'
 operator<<(basic_ostream<_CharT, _Traits>& __os,
 ^~~~~~~~
C:/Users/david/qnx710/target/qnx7/usr/include/c++/v1/ostream:1053:1: note:   template argument deduction/substitution failed:
src/ComputerSystem.cpp:47:46: note:   'AircraftData' is not derived from 'std::__1::basic_string_view<_CharT, _Traits>'
     std::cout << "Aircraft 1: "<< aircrafts[i] << " Aircraft 2: " << aircrafts[j] << endl;
                                              ^
In file included from C:/Users/david/qnx710/target/qnx7/usr/include/c++/v1/istream:164,
                 from C:/Users/david/qnx710/target/qnx7/usr/include/c++/v1/iostream:40,
                 from src/ComputerSystem.cpp:1:
C:/Users/david/qnx710/target/qnx7/usr/include/c++/v1/ostream:1062:1: note: candidate: 'template<class _CharT, class _Traits> std::__1::basic_ostream<_CharT, _Traits>& std::__1::operator<<(std::__1::basic_ostream<_CharT, _Traits>&, const std::__1::error_code&)'
 operator<<(basic_ostream<_CharT, _Traits>& __os, const error_code& __ec)
 ^~~~~~~~
C:/Users/david/qnx710/target/qnx7/usr/include/c++/v1/ostream:1062:1: note:   template argument deduction/substitution failed:
src/ComputerSystem.cpp:47:46: note:   cannot convert '*(aircrafts + ((sizetype)(((long unsigned int)i) * 64)))' (type 'AircraftData') to type 'const std::__1::error_code&'
     std::cout << "Aircraft 1: "<< aircrafts[i] << " Aircraft 2: " << aircrafts[j] << endl;
                                   ~~~~~~~~~~~^
In file included from C:/Users/david/qnx710/target/qnx7/usr/include/c++/v1/istream:164,
                 from C:/Users/david/qnx710/target/qnx7/usr/include/c++/v1/iostream:40,
                 from src/ComputerSystem.cpp:1:
C:/Users/david/qnx710/target/qnx7/usr/include/c++/v1/ostream:1082:1: note: candidate: 'template<class _CharT, class _Traits, class _Yp, class _Dp> typename std::__1::enable_if<std::__1::is_same<void, typename std::__1::__void_t<decltype ((declval<std::__1::basic_ostream<_CharT, _Traits>&>() << declval<typename std::__1::unique_ptr<_T2, _D2>::pointer>()))>::type>::value, std::__1::basic_ostream<_CharT, _Traits>&>::type std::__1::operator<<(std::__1::basic_ostream<_CharT, _Traits>&, const std::__1::unique_ptr<_T2, _D2>&)'
 operator<<(basic_ostream<_CharT, _Traits>& __os, unique_ptr<_Yp, _Dp> const& __p)
 ^~~~~~~~
C:/Users/david/qnx710/target/qnx7/usr/include/c++/v1/ostream:1082:1: note:   template argument deduction/substitution failed:
src/ComputerSystem.cpp:47:46: note:   'AircraftData' is not derived from 'const std::__1::unique_ptr<_T2, _D2>'
     std::cout << "Aircraft 1: "<< aircrafts[i] << " Aircraft 2: " << aircrafts[j] << endl;
                                              ^
src/ComputerSystem.cpp:47:86: error: 'endl' was not declared in this scope
     std::cout << "Aircraft 1: "<< aircrafts[i] << " Aircraft 2: " << aircrafts[j] << endl;
                                                                                      ^~~~
src/ComputerSystem.cpp:47:86: note: suggested alternative:
In file included from C:/Users/david/qnx710/target/qnx7/usr/include/c++/v1/istream:164,
                 from C:/Users/david/qnx710/target/qnx7/usr/include/c++/v1/iostream:40,
                 from src/ComputerSystem.cpp:1:
C:/Users/david/qnx710/target/qnx7/usr/include/c++/v1/ostream:1000:1: note:   'std::__1::endl'
 endl(basic_ostream<_CharT, _Traits>& __os)
 ^~~~
cc: C:/Users/david/qnx710/host/win64/x86_64/usr/lib/gcc/x86_64-pc-nto-qnx7.1.0/8.3.0/cc1plus caught signal 1
Makefile:58: recipe for target 'build/x86_64-debug/src/ComputerSystem.o' failed
make: *** [build/x86_64-debug/src/ComputerSystem.o] Error 1
"make -j8 all" terminated with exit code 2. Build might be incomplete.
00:52:34 **** Incremental Build of configuration x86_64-debug for project ComputerSystem ****
make -j8 all 
q++ -Vgcc_ntox86_64_cxx -c -Wp,-MMD,build/x86_64-debug/src/ComputerSystem.d,-MT,build/x86_64-debug/src/ComputerSystem.o -o build/x86_64-debug/src/ComputerSystem.o  -Wall -fmessage-length=0 -g -O0 -fno-builtin  src/ComputerSystem.cpp
src/ComputerSystem.cpp: In function 'void* violationCheck(void*)':
src/ComputerSystem.cpp:47:32: error: no match for 'operator<<' (operand types are 'std::__1::basic_ostream<char>' and 'AircraftData')
     std::cout << "Aircraft 1: "<< aircrafts[i] << " Aircraft 2: " << aircrafts[j] << std::endl;
     ~~~~~~~~~~~~~~~~~~~~~~~~~~~^~~~~~~~~~~~~~~
In file included from C:/Users/david/qnx710/target/qnx7/usr/include/c++/v1/istream:164,
                 from C:/Users/david/qnx710/target/qnx7/usr/include/c++/v1/iostream:40,
                 from src/ComputerSystem.cpp:1:
C:/Users/david/qnx710/target/qnx7/usr/include/c++/v1/ostream:195:20: note: candidate: 'std::__1::basic_ostream<_CharT, _Traits>& std::__1::basic_ostream<_CharT, _Traits>::operator<<(std::__1::basic_ostream<_CharT, _Traits>& (*)(std::__1::basic_ostream<_CharT, _Traits>&)) [with _CharT = char; _Traits = std::__1::char_traits<char>]'
     basic_ostream& operator<<(basic_ostream& (*__pf)(basic_ostream&))
                    ^~~~~~~~
C:/Users/david/qnx710/target/qnx7/usr/include/c++/v1/ostream:195:20: note:   no known conversion for argument 1 from 'AircraftData' to 'std::__1::basic_ostream<char>& (*)(std::__1::basic_ostream<char>&)'
C:/Users/david/qnx710/target/qnx7/usr/include/c++/v1/ostream:199:20: note: candidate: 'std::__1::basic_ostream<_CharT, _Traits>& std::__1::basic_ostream<_CharT, _Traits>::operator<<(std::__1::basic_ios<_CharT, _Traits>& (*)(std::__1::basic_ios<_CharT, _Traits>&)) [with _CharT = char; _Traits = std::__1::char_traits<char>]'
     basic_ostream& operator<<(basic_ios<char_type, traits_type>&
                    ^~~~~~~~
C:/Users/david/qnx710/target/qnx7/usr/include/c++/v1/ostream:199:20: note:   no known conversion for argument 1 from 'AircraftData' to 'std::__1::basic_ios<char>& (*)(std::__1::basic_ios<char>&)'
C:/Users/david/qnx710/target/qnx7/usr/include/c++/v1/ostream:204:20: note: candidate: 'std::__1::basic_ostream<_CharT, _Traits>& std::__1::basic_ostream<_CharT, _Traits>::operator<<(std::__1::ios_base& (*)(std::__1::ios_base&)) [with _CharT = char; _Traits = std::__1::char_traits<char>]'
     basic_ostream& operator<<(ios_base& (*__pf)(ios_base&))
                    ^~~~~~~~
C:/Users/david/qnx710/target/qnx7/usr/include/c++/v1/ostream:204:20: note:   no known conversion for argument 1 from 'AircraftData' to 'std::__1::ios_base& (*)(std::__1::ios_base&)'
C:/Users/david/qnx710/target/qnx7/usr/include/c++/v1/ostream:369:1: note: candidate: 'std::__1::basic_ostream<_CharT, _Traits>& std::__1::basic_ostream<_CharT, _Traits>::operator<<(bool) [with _CharT = char; _Traits = std::__1::char_traits<char>]'
 basic_ostream<_CharT, _Traits>::operator<<(bool __n)
 ^~~~~~~~~~~~~~~~~~~~~~~~~~~~~~
C:/Users/david/qnx710/target/qnx7/usr/include/c++/v1/ostream:369:1: note:   no known conversion for argument 1 from 'AircraftData' to 'bool'
C:/Users/david/qnx710/target/qnx7/usr/include/c++/v1/ostream:395:1: note: candidate: 'std::__1::basic_ostream<_CharT, _Traits>& std::__1::basic_ostream<_CharT, _Traits>::operator<<(short int) [with _CharT = char; _Traits = std::__1::char_traits<char>]'
 basic_ostream<_CharT, _Traits>::operator<<(short __n)
 ^~~~~~~~~~~~~~~~~~~~~~~~~~~~~~
C:/Users/david/qnx710/target/qnx7/usr/include/c++/v1/ostream:395:1: note:   no known conversion for argument 1 from 'AircraftData' to 'short int'
C:/Users/david/qnx710/target/qnx7/usr/include/c++/v1/ostream:425:1: note: candidate: 'std::__1::basic_ostream<_CharT, _Traits>& std::__1::basic_ostream<_CharT, _Traits>::operator<<(short unsigned int) [with _CharT = char; _Traits = std::__1::char_traits<char>]'
 basic_ostream<_CharT, _Traits>::operator<<(unsigned short __n)
 ^~~~~~~~~~~~~~~~~~~~~~~~~~~~~~
C:/Users/david/qnx710/target/qnx7/usr/include/c++/v1/ostream:425:1: note:   no known conversion for argument 1 from 'AircraftData' to 'short unsigned int'
C:/Users/david/qnx710/target/qnx7/usr/include/c++/v1/ostream:451:1: note: candidate: 'std::__1::basic_ostream<_CharT, _Traits>& std::__1::basic_ostream<_CharT, _Traits>::operator<<(int) [with _CharT = char; _Traits = std::__1::char_traits<char>]'
 basic_ostream<_CharT, _Traits>::operator<<(int __n)
 ^~~~~~~~~~~~~~~~~~~~~~~~~~~~~~
C:/Users/david/qnx710/target/qnx7/usr/include/c++/v1/ostream:451:1: note:   no known conversion for argument 1 from 'AircraftData' to 'int'
C:/Users/david/qnx710/target/qnx7/usr/include/c++/v1/ostream:481:1: note: candidate: 'std::__1::basic_ostream<_CharT, _Traits>& std::__1::basic_ostream<_CharT, _Traits>::operator<<(unsigned int) [with _CharT = char; _Traits = std::__1::char_traits<char>]'
 basic_ostream<_CharT, _Traits>::operator<<(unsigned int __n)
 ^~~~~~~~~~~~~~~~~~~~~~~~~~~~~~
C:/Users/david/qnx710/target/qnx7/usr/include/c++/v1/ostream:481:1: note:   no known conversion for argument 1 from 'AircraftData' to 'unsigned int'
C:/Users/david/qnx710/target/qnx7/usr/include/c++/v1/ostream:507:1: note: candidate: 'std::__1::basic_ostream<_CharT, _Traits>& std::__1::basic_ostream<_CharT, _Traits>::operator<<(long int) [with _CharT = char; _Traits = std::__1::char_traits<char>]'
 basic_ostream<_CharT, _Traits>::operator<<(long __n)
 ^~~~~~~~~~~~~~~~~~~~~~~~~~~~~~
C:/Users/david/qnx710/target/qnx7/usr/include/c++/v1/ostream:507:1: note:   no known conversion for argument 1 from 'AircraftData' to 'long int'
C:/Users/david/qnx710/target/qnx7/usr/include/c++/v1/ostream:533:1: note: candidate: 'std::__1::basic_ostream<_CharT, _Traits>& std::__1::basic_ostream<_CharT, _Traits>::operator<<(long unsigned int) [with _CharT = char; _Traits = std::__1::char_traits<char>]'
 basic_ostream<_CharT, _Traits>::operator<<(unsigned long __n)
 ^~~~~~~~~~~~~~~~~~~~~~~~~~~~~~
C:/Users/david/qnx710/target/qnx7/usr/include/c++/v1/ostream:533:1: note:   no known conversion for argument 1 from 'AircraftData' to 'long unsigned int'
C:/Users/david/qnx710/target/qnx7/usr/include/c++/v1/ostream:559:1: note: candidate: 'std::__1::basic_ostream<_CharT, _Traits>& std::__1::basic_ostream<_CharT, _Traits>::operator<<(long long int) [with _CharT = char; _Traits = std::__1::char_traits<char>]'
 basic_ostream<_CharT, _Traits>::operator<<(long long __n)
 ^~~~~~~~~~~~~~~~~~~~~~~~~~~~~~
C:/Users/david/qnx710/target/qnx7/usr/include/c++/v1/ostream:559:1: note:   no known conversion for argument 1 from 'AircraftData' to 'long long int'
C:/Users/david/qnx710/target/qnx7/usr/include/c++/v1/ostream:585:1: note: candidate: 'std::__1::basic_ostream<_CharT, _Traits>& std::__1::basic_ostream<_CharT, _Traits>::operator<<(long long unsigned int) [with _CharT = char; _Traits = std::__1::char_traits<char>]'
 basic_ostream<_CharT, _Traits>::operator<<(unsigned long long __n)
 ^~~~~~~~~~~~~~~~~~~~~~~~~~~~~~
C:/Users/david/qnx710/target/qnx7/usr/include/c++/v1/ostream:585:1: note:   no known conversion for argument 1 from 'AircraftData' to 'long long unsigned int'
C:/Users/david/qnx710/target/qnx7/usr/include/c++/v1/ostream:611:1: note: candidate: 'std::__1::basic_ostream<_CharT, _Traits>& std::__1::basic_ostream<_CharT, _Traits>::operator<<(float) [with _CharT = char; _Traits = std::__1::char_traits<char>]'
 basic_ostream<_CharT, _Traits>::operator<<(float __n)
 ^~~~~~~~~~~~~~~~~~~~~~~~~~~~~~
C:/Users/david/qnx710/target/qnx7/usr/include/c++/v1/ostream:611:1: note:   no known conversion for argument 1 from 'AircraftData' to 'float'
C:/Users/david/qnx710/target/qnx7/usr/include/c++/v1/ostream:637:1: note: candidate: 'std::__1::basic_ostream<_CharT, _Traits>& std::__1::basic_ostream<_CharT, _Traits>::operator<<(double) [with _CharT = char; _Traits = std::__1::char_traits<char>]'
 basic_ostream<_CharT, _Traits>::operator<<(double __n)
 ^~~~~~~~~~~~~~~~~~~~~~~~~~~~~~
C:/Users/david/qnx710/target/qnx7/usr/include/c++/v1/ostream:637:1: note:   no known conversion for argument 1 from 'AircraftData' to 'double'
C:/Users/david/qnx710/target/qnx7/usr/include/c++/v1/ostream:663:1: note: candidate: 'std::__1::basic_ostream<_CharT, _Traits>& std::__1::basic_ostream<_CharT, _Traits>::operator<<(long double) [with _CharT = char; _Traits = std::__1::char_traits<char>]'
 basic_ostream<_CharT, _Traits>::operator<<(long double __n)
 ^~~~~~~~~~~~~~~~~~~~~~~~~~~~~~
C:/Users/david/qnx710/target/qnx7/usr/include/c++/v1/ostream:663:1: note:   no known conversion for argument 1 from 'AircraftData' to 'long double'
C:/Users/david/qnx710/target/qnx7/usr/include/c++/v1/ostream:689:1: note: candidate: 'std::__1::basic_ostream<_CharT, _Traits>& std::__1::basic_ostream<_CharT, _Traits>::operator<<(const void*) [with _CharT = char; _Traits = std::__1::char_traits<char>]'
 basic_ostream<_CharT, _Traits>::operator<<(const void* __n)
 ^~~~~~~~~~~~~~~~~~~~~~~~~~~~~~
C:/Users/david/qnx710/target/qnx7/usr/include/c++/v1/ostream:689:1: note:   no known conversion for argument 1 from 'AircraftData' to 'const void*'
C:/Users/david/qnx710/target/qnx7/usr/include/c++/v1/ostream:317:1: note: candidate: 'std::__1::basic_ostream<_CharT, _Traits>& std::__1::basic_ostream<_CharT, _Traits>::operator<<(std::__1::basic_streambuf<_CharT, _Traits>*) [with _CharT = char; _Traits = std::__1::char_traits<char>]'
 basic_ostream<_CharT, _Traits>::operator<<(basic_streambuf<char_type, traits_type>* __sb)
 ^~~~~~~~~~~~~~~~~~~~~~~~~~~~~~
C:/Users/david/qnx710/target/qnx7/usr/include/c++/v1/ostream:317:1: note:   no known conversion for argument 1 from 'AircraftData' to 'std::__1::basic_streambuf<char>*'
C:/Users/david/qnx710/target/qnx7/usr/include/c++/v1/ostream:1070:1: note: candidate: 'template<class _CharT, class _Traits, class _Yp> std::__1::basic_ostream<_CharT, _Traits>& std::__1::operator<<(std::__1::basic_ostream<_CharT, _Traits>&, const std::__1::shared_ptr<_Yp>&)'
 operator<<(basic_ostream<_CharT, _Traits>& __os, shared_ptr<_Yp> const& __p)
 ^~~~~~~~
C:/Users/david/qnx710/target/qnx7/usr/include/c++/v1/ostream:1070:1: note:   template argument deduction/substitution failed:
src/ComputerSystem.cpp:47:46: note:   'AircraftData' is not derived from 'const std::__1::shared_ptr<_Yp>'
     std::cout << "Aircraft 1: "<< aircrafts[i] << " Aircraft 2: " << aircrafts[j] << std::endl;
                                              ^
In file included from C:/Users/david/qnx710/target/qnx7/usr/include/c++/v1/istream:164,
                 from C:/Users/david/qnx710/target/qnx7/usr/include/c++/v1/iostream:40,
                 from src/ComputerSystem.cpp:1:
C:/Users/david/qnx710/target/qnx7/usr/include/c++/v1/ostream:1045:1: note: candidate: 'template<class _CharT, class _Traits, class _Allocator> std::__1::basic_ostream<_CharT, _Traits>& std::__1::operator<<(std::__1::basic_ostream<_CharT, _Traits>&, const std::__1::basic_string<_CharT, _Traits, _Allocator>&)'
 operator<<(basic_ostream<_CharT, _Traits>& __os,
 ^~~~~~~~
C:/Users/david/qnx710/target/qnx7/usr/include/c++/v1/ostream:1045:1: note:   template argument deduction/substitution failed:
src/ComputerSystem.cpp:47:46: note:   'AircraftData' is not derived from 'const std::__1::basic_string<_CharT, _Traits, _Allocator>'
     std::cout << "Aircraft 1: "<< aircrafts[i] << " Aircraft 2: " << aircrafts[j] << std::endl;
                                              ^
In file included from C:/Users/david/qnx710/target/qnx7/usr/include/c++/v1/istream:164,
                 from C:/Users/david/qnx710/target/qnx7/usr/include/c++/v1/iostream:40,
                 from src/ComputerSystem.cpp:1:
C:/Users/david/qnx710/target/qnx7/usr/include/c++/v1/ostream:1089:1: note: candidate: 'template<class _CharT, class _Traits, long unsigned int _Size> std::__1::basic_ostream<_CharT, _Traits>& std::__1::operator<<(std::__1::basic_ostream<_CharT, _Traits>&, const std::__1::bitset<_Size>&)'
 operator<<(basic_ostream<_CharT, _Traits>& __os, const bitset<_Size>& __x)
 ^~~~~~~~
C:/Users/david/qnx710/target/qnx7/usr/include/c++/v1/ostream:1089:1: note:   template argument deduction/substitution failed:
src/ComputerSystem.cpp:47:46: note:   'AircraftData' is not derived from 'const std::__1::bitset<_Size>'
     std::cout << "Aircraft 1: "<< aircrafts[i] << " Aircraft 2: " << aircrafts[j] << std::endl;
                                              ^
In file included from C:/Users/david/qnx710/target/qnx7/usr/include/c++/v1/istream:164,
                 from C:/Users/david/qnx710/target/qnx7/usr/include/c++/v1/iostream:40,
                 from src/ComputerSystem.cpp:1:
C:/Users/david/qnx710/target/qnx7/usr/include/c++/v1/ostream:749:1: note: candidate: 'template<class _CharT, class _Traits> std::__1::basic_ostream<_CharT, _Traits>& std::__1::operator<<(std::__1::basic_ostream<_CharT, _Traits>&, _CharT)'
 operator<<(basic_ostream<_CharT, _Traits>& __os, _CharT __c)
 ^~~~~~~~
C:/Users/david/qnx710/target/qnx7/usr/include/c++/v1/ostream:749:1: note:   template argument deduction/substitution failed:
src/ComputerSystem.cpp:47:46: note:   deduced conflicting types for parameter '_CharT' ('char' and 'AircraftData')
     std::cout << "Aircraft 1: "<< aircrafts[i] << " Aircraft 2: " << aircrafts[j] << std::endl;
                                              ^
In file included from C:/Users/david/qnx710/target/qnx7/usr/include/c++/v1/istream:164,
                 from C:/Users/david/qnx710/target/qnx7/usr/include/c++/v1/iostream:40,
                 from src/ComputerSystem.cpp:1:
C:/Users/david/qnx710/target/qnx7/usr/include/c++/v1/ostream:756:1: note: candidate: 'template<class _CharT, class _Traits> std::__1::basic_ostream<_CharT, _Traits>& std::__1::operator<<(std::__1::basic_ostream<_CharT, _Traits>&, char)'
 operator<<(basic_ostream<_CharT, _Traits>& __os, char __cn)
 ^~~~~~~~
C:/Users/david/qnx710/target/qnx7/usr/include/c++/v1/ostream:756:1: note:   template argument deduction/substitution failed:
src/ComputerSystem.cpp:47:46: note:   cannot convert '*(aircrafts + ((sizetype)(((long unsigned int)i) * 64)))' (type 'AircraftData') to type 'char'
     std::cout << "Aircraft 1: "<< aircrafts[i] << " Aircraft 2: " << aircrafts[j] << std::endl;
                                   ~~~~~~~~~~~^
In file included from C:/Users/david/qnx710/target/qnx7/usr/include/c++/v1/istream:164,
                 from C:/Users/david/qnx710/target/qnx7/usr/include/c++/v1/iostream:40,
                 from src/ComputerSystem.cpp:1:
C:/Users/david/qnx710/target/qnx7/usr/include/c++/v1/ostream:789:1: note: candidate: 'template<class _Traits> std::__1::basic_ostream<char, _Traits>& std::__1::operator<<(std::__1::basic_ostream<char, _Traits>&, char)'
 operator<<(basic_ostream<char, _Traits>& __os, char __c)
 ^~~~~~~~
C:/Users/david/qnx710/target/qnx7/usr/include/c++/v1/ostream:789:1: note:   template argument deduction/substitution failed:
src/ComputerSystem.cpp:47:46: note:   cannot convert '*(aircrafts + ((sizetype)(((long unsigned int)i) * 64)))' (type 'AircraftData') to type 'char'
     std::cout << "Aircraft 1: "<< aircrafts[i] << " Aircraft 2: " << aircrafts[j] << std::endl;
                                   ~~~~~~~~~~~^
In file included from C:/Users/david/qnx710/target/qnx7/usr/include/c++/v1/istream:164,
                 from C:/Users/david/qnx710/target/qnx7/usr/include/c++/v1/iostream:40,
                 from src/ComputerSystem.cpp:1:
C:/Users/david/qnx710/target/qnx7/usr/include/c++/v1/ostream:796:1: note: candidate: 'template<class _Traits> std::__1::basic_ostream<char, _Traits>& std::__1::operator<<(std::__1::basic_ostream<char, _Traits>&, signed char)'
 operator<<(basic_ostream<char, _Traits>& __os, signed char __c)
 ^~~~~~~~
C:/Users/david/qnx710/target/qnx7/usr/include/c++/v1/ostream:796:1: note:   template argument deduction/substitution failed:
src/ComputerSystem.cpp:47:46: note:   cannot convert '*(aircrafts + ((sizetype)(((long unsigned int)i) * 64)))' (type 'AircraftData') to type 'signed char'
     std::cout << "Aircraft 1: "<< aircrafts[i] << " Aircraft 2: " << aircrafts[j] << std::endl;
                                   ~~~~~~~~~~~^
In file included from C:/Users/david/qnx710/target/qnx7/usr/include/c++/v1/istream:164,
                 from C:/Users/david/qnx710/target/qnx7/usr/include/c++/v1/iostream:40,
                 from src/ComputerSystem.cpp:1:
C:/Users/david/qnx710/target/qnx7/usr/include/c++/v1/ostream:803:1: note: candidate: 'template<class _Traits> std::__1::basic_ostream<char, _Traits>& std::__1::operator<<(std::__1::basic_ostream<char, _Traits>&, unsigned char)'
 operator<<(basic_ostream<char, _Traits>& __os, unsigned char __c)
 ^~~~~~~~
C:/Users/david/qnx710/target/qnx7/usr/include/c++/v1/ostream:803:1: note:   template argument deduction/substitution failed:
src/ComputerSystem.cpp:47:46: note:   cannot convert '*(aircrafts + ((sizetype)(((long unsigned int)i) * 64)))' (type 'AircraftData') to type 'unsigned char'
     std::cout << "Aircraft 1: "<< aircrafts[i] << " Aircraft 2: " << aircrafts[j] << std::endl;
                                   ~~~~~~~~~~~^
In file included from C:/Users/david/qnx710/target/qnx7/usr/include/c++/v1/istream:164,
                 from C:/Users/david/qnx710/target/qnx7/usr/include/c++/v1/iostream:40,
                 from src/ComputerSystem.cpp:1:
C:/Users/david/qnx710/target/qnx7/usr/include/c++/v1/ostream:810:1: note: candidate: 'template<class _CharT, class _Traits> std::__1::basic_ostream<_CharT, _Traits>& std::__1::operator<<(std::__1::basic_ostream<_CharT, _Traits>&, const _CharT*)'
 operator<<(basic_ostream<_CharT, _Traits>& __os, const _CharT* __str)
 ^~~~~~~~
C:/Users/david/qnx710/target/qnx7/usr/include/c++/v1/ostream:810:1: note:   template argument deduction/substitution failed:
src/ComputerSystem.cpp:47:46: note:   mismatched types 'const _CharT*' and 'AircraftData'
     std::cout << "Aircraft 1: "<< aircrafts[i] << " Aircraft 2: " << aircrafts[j] << std::endl;
                                              ^
In file included from C:/Users/david/qnx710/target/qnx7/usr/include/c++/v1/istream:164,
                 from C:/Users/david/qnx710/target/qnx7/usr/include/c++/v1/iostream:40,
                 from src/ComputerSystem.cpp:1:
C:/Users/david/qnx710/target/qnx7/usr/include/c++/v1/ostream:817:1: note: candidate: 'template<class _CharT, class _Traits> std::__1::basic_ostream<_CharT, _Traits>& std::__1::operator<<(std::__1::basic_ostream<_CharT, _Traits>&, const char*)'
 operator<<(basic_ostream<_CharT, _Traits>& __os, const char* __strn)
 ^~~~~~~~
C:/Users/david/qnx710/target/qnx7/usr/include/c++/v1/ostream:817:1: note:   template argument deduction/substitution failed:
src/ComputerSystem.cpp:47:46: note:   cannot convert '*(aircrafts + ((sizetype)(((long unsigned int)i) * 64)))' (type 'AircraftData') to type 'const char*'
     std::cout << "Aircraft 1: "<< aircrafts[i] << " Aircraft 2: " << aircrafts[j] << std::endl;
                                   ~~~~~~~~~~~^
In file included from C:/Users/david/qnx710/target/qnx7/usr/include/c++/v1/istream:164,
                 from C:/Users/david/qnx710/target/qnx7/usr/include/c++/v1/iostream:40,
                 from src/ComputerSystem.cpp:1:
C:/Users/david/qnx710/target/qnx7/usr/include/c++/v1/ostream:863:1: note: candidate: 'template<class _Traits> std::__1::basic_ostream<char, _Traits>& std::__1::operator<<(std::__1::basic_ostream<char, _Traits>&, const char*)'
 operator<<(basic_ostream<char, _Traits>& __os, const char* __str)
 ^~~~~~~~
C:/Users/david/qnx710/target/qnx7/usr/include/c++/v1/ostream:863:1: note:   template argument deduction/substitution failed:
src/ComputerSystem.cpp:47:46: note:   cannot convert '*(aircrafts + ((sizetype)(((long unsigned int)i) * 64)))' (type 'AircraftData') to type 'const char*'
     std::cout << "Aircraft 1: "<< aircrafts[i] << " Aircraft 2: " << aircrafts[j] << std::endl;
                                   ~~~~~~~~~~~^
In file included from C:/Users/david/qnx710/target/qnx7/usr/include/c++/v1/istream:164,
                 from C:/Users/david/qnx710/target/qnx7/usr/include/c++/v1/iostream:40,
                 from src/ComputerSystem.cpp:1:
C:/Users/david/qnx710/target/qnx7/usr/include/c++/v1/ostream:870:1: note: candidate: 'template<class _Traits> std::__1::basic_ostream<char, _Traits>& std::__1::operator<<(std::__1::basic_ostream<char, _Traits>&, const signed char*)'
 operator<<(basic_ostream<char, _Traits>& __os, const signed char* __str)
 ^~~~~~~~
C:/Users/david/qnx710/target/qnx7/usr/include/c++/v1/ostream:870:1: note:   template argument deduction/substitution failed:
src/ComputerSystem.cpp:47:46: note:   cannot convert '*(aircrafts + ((sizetype)(((long unsigned int)i) * 64)))' (type 'AircraftData') to type 'const signed char*'
     std::cout << "Aircraft 1: "<< aircrafts[i] << " Aircraft 2: " << aircrafts[j] << std::endl;
                                   ~~~~~~~~~~~^
In file included from C:/Users/david/qnx710/target/qnx7/usr/include/c++/v1/istream:164,
                 from C:/Users/david/qnx710/target/qnx7/usr/include/c++/v1/iostream:40,
                 from src/ComputerSystem.cpp:1:
C:/Users/david/qnx710/target/qnx7/usr/include/c++/v1/ostream:878:1: note: candidate: 'template<class _Traits> std::__1::basic_ostream<char, _Traits>& std::__1::operator<<(std::__1::basic_ostream<char, _Traits>&, const unsigned char*)'
 operator<<(basic_ostream<char, _Traits>& __os, const unsigned char* __str)
 ^~~~~~~~
C:/Users/david/qnx710/target/qnx7/usr/include/c++/v1/ostream:878:1: note:   template argument deduction/substitution failed:
src/ComputerSystem.cpp:47:46: note:   cannot convert '*(aircrafts + ((sizetype)(((long unsigned int)i) * 64)))' (type 'AircraftData') to type 'const unsigned char*'
     std::cout << "Aircraft 1: "<< aircrafts[i] << " Aircraft 2: " << aircrafts[j] << std::endl;
                                   ~~~~~~~~~~~^
In file included from C:/Users/david/qnx710/target/qnx7/usr/include/c++/v1/istream:164,
                 from C:/Users/david/qnx710/target/qnx7/usr/include/c++/v1/iostream:40,
                 from src/ComputerSystem.cpp:1:
C:/Users/david/qnx710/target/qnx7/usr/include/c++/v1/ostream:1035:1: note: candidate: 'template<class _Stream, class _Tp> typename std::__1::enable_if<((! std::__1::is_lvalue_reference<_Tp>::value) && std::__1::is_base_of<std::__1::ios_base, _Stream>::value), _Stream&&>::type std::__1::operator<<(_Stream&&, const _Tp&)'
 operator<<(_Stream&& __os, const _Tp& __x)
 ^~~~~~~~
C:/Users/david/qnx710/target/qnx7/usr/include/c++/v1/ostream:1035:1: note:   template argument deduction/substitution failed:
C:/Users/david/qnx710/target/qnx7/usr/include/c++/v1/ostream: In substitution of 'template<class _Stream, class _Tp> typename std::__1::enable_if<((! std::__1::is_lvalue_reference<_Tp>::value) && std::__1::is_base_of<std::__1::ios_base, _Stream>::value), _Stream&&>::type std::__1::operator<<(_Stream&&, const _Tp&) [with _Stream = std::__1::basic_ostream<char>&; _Tp = AircraftData]':
src/ComputerSystem.cpp:47:46:   required from here
C:/Users/david/qnx710/target/qnx7/usr/include/c++/v1/ostream:1035:1: error: no type named 'type' in 'struct std::__1::enable_if<false, std::__1::basic_ostream<char>&>'
C:/Users/david/qnx710/target/qnx7/usr/include/c++/v1/ostream:1053:1: note: candidate: 'template<class _CharT, class _Traits> std::__1::basic_ostream<_CharT, _Traits>& std::__1::operator<<(std::__1::basic_ostream<_CharT, _Traits>&, std::__1::basic_string_view<_CharT, _Traits>)'
 operator<<(basic_ostream<_CharT, _Traits>& __os,
 ^~~~~~~~
C:/Users/david/qnx710/target/qnx7/usr/include/c++/v1/ostream:1053:1: note:   template argument deduction/substitution failed:
src/ComputerSystem.cpp:47:46: note:   'AircraftData' is not derived from 'std::__1::basic_string_view<_CharT, _Traits>'
     std::cout << "Aircraft 1: "<< aircrafts[i] << " Aircraft 2: " << aircrafts[j] << std::endl;
                                              ^
In file included from C:/Users/david/qnx710/target/qnx7/usr/include/c++/v1/istream:164,
                 from C:/Users/david/qnx710/target/qnx7/usr/include/c++/v1/iostream:40,
                 from src/ComputerSystem.cpp:1:
C:/Users/david/qnx710/target/qnx7/usr/include/c++/v1/ostream:1062:1: note: candidate: 'template<class _CharT, class _Traits> std::__1::basic_ostream<_CharT, _Traits>& std::__1::operator<<(std::__1::basic_ostream<_CharT, _Traits>&, const std::__1::error_code&)'
 operator<<(basic_ostream<_CharT, _Traits>& __os, const error_code& __ec)
 ^~~~~~~~
C:/Users/david/qnx710/target/qnx7/usr/include/c++/v1/ostream:1062:1: note:   template argument deduction/substitution failed:
src/ComputerSystem.cpp:47:46: note:   cannot convert '*(aircrafts + ((sizetype)(((long unsigned int)i) * 64)))' (type 'AircraftData') to type 'const std::__1::error_code&'
     std::cout << "Aircraft 1: "<< aircrafts[i] << " Aircraft 2: " << aircrafts[j] << std::endl;
                                   ~~~~~~~~~~~^
In file included from C:/Users/david/qnx710/target/qnx7/usr/include/c++/v1/istream:164,
                 from C:/Users/david/qnx710/target/qnx7/usr/include/c++/v1/iostream:40,
                 from src/ComputerSystem.cpp:1:
C:/Users/david/qnx710/target/qnx7/usr/include/c++/v1/ostream:1082:1: note: candidate: 'template<class _CharT, class _Traits, class _Yp, class _Dp> typename std::__1::enable_if<std::__1::is_same<void, typename std::__1::__void_t<decltype ((declval<std::__1::basic_ostream<_CharT, _Traits>&>() << declval<typename std::__1::unique_ptr<_T2, _D2>::pointer>()))>::type>::value, std::__1::basic_ostream<_CharT, _Traits>&>::type std::__1::operator<<(std::__1::basic_ostream<_CharT, _Traits>&, const std::__1::unique_ptr<_T2, _D2>&)'
 operator<<(basic_ostream<_CharT, _Traits>& __os, unique_ptr<_Yp, _Dp> const& __p)
 ^~~~~~~~
C:/Users/david/qnx710/target/qnx7/usr/include/c++/v1/ostream:1082:1: note:   template argument deduction/substitution failed:
src/ComputerSystem.cpp:47:46: note:   'AircraftData' is not derived from 'const std::__1::unique_ptr<_T2, _D2>'
     std::cout << "Aircraft 1: "<< aircrafts[i] << " Aircraft 2: " << aircrafts[j] << std::endl;
                                              ^
cc: C:/Users/david/qnx710/host/win64/x86_64/usr/lib/gcc/x86_64-pc-nto-qnx7.1.0/8.3.0/cc1plus caught signal 1
Makefile:58: recipe for target 'build/x86_64-debug/src/ComputerSystem.o' failed
make: *** [build/x86_64-debug/src/ComputerSystem.o] Error 1
"make -j8 all" terminated with exit code 2. Build might be incomplete.
00:52:36 **** Incremental Build of configuration x86_64-debug for project ComputerSystem ****
make -j8 all 
q++ -Vgcc_ntox86_64_cxx -c -Wp,-MMD,build/x86_64-debug/src/ComputerSystem.d,-MT,build/x86_64-debug/src/ComputerSystem.o -o build/x86_64-debug/src/ComputerSystem.o  -Wall -fmessage-length=0 -g -O0 -fno-builtin  src/ComputerSystem.cpp
src/ComputerSystem.cpp: In function 'void* violationCheck(void*)':
src/ComputerSystem.cpp:47:32: error: no match for 'operator<<' (operand types are 'std::__1::basic_ostream<char>' and 'AircraftData')
     std::cout << "Aircraft 1: "<< aircrafts[i] << " Aircraft 2: " << aircrafts[j] << std::endl;
     ~~~~~~~~~~~~~~~~~~~~~~~~~~~^~~~~~~~~~~~~~~
In file included from C:/Users/david/qnx710/target/qnx7/usr/include/c++/v1/istream:164,
                 from C:/Users/david/qnx710/target/qnx7/usr/include/c++/v1/iostream:40,
                 from src/ComputerSystem.cpp:1:
C:/Users/david/qnx710/target/qnx7/usr/include/c++/v1/ostream:195:20: note: candidate: 'std::__1::basic_ostream<_CharT, _Traits>& std::__1::basic_ostream<_CharT, _Traits>::operator<<(std::__1::basic_ostream<_CharT, _Traits>& (*)(std::__1::basic_ostream<_CharT, _Traits>&)) [with _CharT = char; _Traits = std::__1::char_traits<char>]'
     basic_ostream& operator<<(basic_ostream& (*__pf)(basic_ostream&))
                    ^~~~~~~~
C:/Users/david/qnx710/target/qnx7/usr/include/c++/v1/ostream:195:20: note:   no known conversion for argument 1 from 'AircraftData' to 'std::__1::basic_ostream<char>& (*)(std::__1::basic_ostream<char>&)'
C:/Users/david/qnx710/target/qnx7/usr/include/c++/v1/ostream:199:20: note: candidate: 'std::__1::basic_ostream<_CharT, _Traits>& std::__1::basic_ostream<_CharT, _Traits>::operator<<(std::__1::basic_ios<_CharT, _Traits>& (*)(std::__1::basic_ios<_CharT, _Traits>&)) [with _CharT = char; _Traits = std::__1::char_traits<char>]'
     basic_ostream& operator<<(basic_ios<char_type, traits_type>&
                    ^~~~~~~~
C:/Users/david/qnx710/target/qnx7/usr/include/c++/v1/ostream:199:20: note:   no known conversion for argument 1 from 'AircraftData' to 'std::__1::basic_ios<char>& (*)(std::__1::basic_ios<char>&)'
C:/Users/david/qnx710/target/qnx7/usr/include/c++/v1/ostream:204:20: note: candidate: 'std::__1::basic_ostream<_CharT, _Traits>& std::__1::basic_ostream<_CharT, _Traits>::operator<<(std::__1::ios_base& (*)(std::__1::ios_base&)) [with _CharT = char; _Traits = std::__1::char_traits<char>]'
     basic_ostream& operator<<(ios_base& (*__pf)(ios_base&))
                    ^~~~~~~~
C:/Users/david/qnx710/target/qnx7/usr/include/c++/v1/ostream:204:20: note:   no known conversion for argument 1 from 'AircraftData' to 'std::__1::ios_base& (*)(std::__1::ios_base&)'
C:/Users/david/qnx710/target/qnx7/usr/include/c++/v1/ostream:369:1: note: candidate: 'std::__1::basic_ostream<_CharT, _Traits>& std::__1::basic_ostream<_CharT, _Traits>::operator<<(bool) [with _CharT = char; _Traits = std::__1::char_traits<char>]'
 basic_ostream<_CharT, _Traits>::operator<<(bool __n)
 ^~~~~~~~~~~~~~~~~~~~~~~~~~~~~~
C:/Users/david/qnx710/target/qnx7/usr/include/c++/v1/ostream:369:1: note:   no known conversion for argument 1 from 'AircraftData' to 'bool'
C:/Users/david/qnx710/target/qnx7/usr/include/c++/v1/ostream:395:1: note: candidate: 'std::__1::basic_ostream<_CharT, _Traits>& std::__1::basic_ostream<_CharT, _Traits>::operator<<(short int) [with _CharT = char; _Traits = std::__1::char_traits<char>]'
 basic_ostream<_CharT, _Traits>::operator<<(short __n)
 ^~~~~~~~~~~~~~~~~~~~~~~~~~~~~~
C:/Users/david/qnx710/target/qnx7/usr/include/c++/v1/ostream:395:1: note:   no known conversion for argument 1 from 'AircraftData' to 'short int'
C:/Users/david/qnx710/target/qnx7/usr/include/c++/v1/ostream:425:1: note: candidate: 'std::__1::basic_ostream<_CharT, _Traits>& std::__1::basic_ostream<_CharT, _Traits>::operator<<(short unsigned int) [with _CharT = char; _Traits = std::__1::char_traits<char>]'
 basic_ostream<_CharT, _Traits>::operator<<(unsigned short __n)
 ^~~~~~~~~~~~~~~~~~~~~~~~~~~~~~
C:/Users/david/qnx710/target/qnx7/usr/include/c++/v1/ostream:425:1: note:   no known conversion for argument 1 from 'AircraftData' to 'short unsigned int'
C:/Users/david/qnx710/target/qnx7/usr/include/c++/v1/ostream:451:1: note: candidate: 'std::__1::basic_ostream<_CharT, _Traits>& std::__1::basic_ostream<_CharT, _Traits>::operator<<(int) [with _CharT = char; _Traits = std::__1::char_traits<char>]'
 basic_ostream<_CharT, _Traits>::operator<<(int __n)
 ^~~~~~~~~~~~~~~~~~~~~~~~~~~~~~
C:/Users/david/qnx710/target/qnx7/usr/include/c++/v1/ostream:451:1: note:   no known conversion for argument 1 from 'AircraftData' to 'int'
C:/Users/david/qnx710/target/qnx7/usr/include/c++/v1/ostream:481:1: note: candidate: 'std::__1::basic_ostream<_CharT, _Traits>& std::__1::basic_ostream<_CharT, _Traits>::operator<<(unsigned int) [with _CharT = char; _Traits = std::__1::char_traits<char>]'
 basic_ostream<_CharT, _Traits>::operator<<(unsigned int __n)
 ^~~~~~~~~~~~~~~~~~~~~~~~~~~~~~
C:/Users/david/qnx710/target/qnx7/usr/include/c++/v1/ostream:481:1: note:   no known conversion for argument 1 from 'AircraftData' to 'unsigned int'
C:/Users/david/qnx710/target/qnx7/usr/include/c++/v1/ostream:507:1: note: candidate: 'std::__1::basic_ostream<_CharT, _Traits>& std::__1::basic_ostream<_CharT, _Traits>::operator<<(long int) [with _CharT = char; _Traits = std::__1::char_traits<char>]'
 basic_ostream<_CharT, _Traits>::operator<<(long __n)
 ^~~~~~~~~~~~~~~~~~~~~~~~~~~~~~
C:/Users/david/qnx710/target/qnx7/usr/include/c++/v1/ostream:507:1: note:   no known conversion for argument 1 from 'AircraftData' to 'long int'
C:/Users/david/qnx710/target/qnx7/usr/include/c++/v1/ostream:533:1: note: candidate: 'std::__1::basic_ostream<_CharT, _Traits>& std::__1::basic_ostream<_CharT, _Traits>::operator<<(long unsigned int) [with _CharT = char; _Traits = std::__1::char_traits<char>]'
 basic_ostream<_CharT, _Traits>::operator<<(unsigned long __n)
 ^~~~~~~~~~~~~~~~~~~~~~~~~~~~~~
C:/Users/david/qnx710/target/qnx7/usr/include/c++/v1/ostream:533:1: note:   no known conversion for argument 1 from 'AircraftData' to 'long unsigned int'
C:/Users/david/qnx710/target/qnx7/usr/include/c++/v1/ostream:559:1: note: candidate: 'std::__1::basic_ostream<_CharT, _Traits>& std::__1::basic_ostream<_CharT, _Traits>::operator<<(long long int) [with _CharT = char; _Traits = std::__1::char_traits<char>]'
 basic_ostream<_CharT, _Traits>::operator<<(long long __n)
 ^~~~~~~~~~~~~~~~~~~~~~~~~~~~~~
C:/Users/david/qnx710/target/qnx7/usr/include/c++/v1/ostream:559:1: note:   no known conversion for argument 1 from 'AircraftData' to 'long long int'
C:/Users/david/qnx710/target/qnx7/usr/include/c++/v1/ostream:585:1: note: candidate: 'std::__1::basic_ostream<_CharT, _Traits>& std::__1::basic_ostream<_CharT, _Traits>::operator<<(long long unsigned int) [with _CharT = char; _Traits = std::__1::char_traits<char>]'
 basic_ostream<_CharT, _Traits>::operator<<(unsigned long long __n)
 ^~~~~~~~~~~~~~~~~~~~~~~~~~~~~~
C:/Users/david/qnx710/target/qnx7/usr/include/c++/v1/ostream:585:1: note:   no known conversion for argument 1 from 'AircraftData' to 'long long unsigned int'
C:/Users/david/qnx710/target/qnx7/usr/include/c++/v1/ostream:611:1: note: candidate: 'std::__1::basic_ostream<_CharT, _Traits>& std::__1::basic_ostream<_CharT, _Traits>::operator<<(float) [with _CharT = char; _Traits = std::__1::char_traits<char>]'
 basic_ostream<_CharT, _Traits>::operator<<(float __n)
 ^~~~~~~~~~~~~~~~~~~~~~~~~~~~~~
C:/Users/david/qnx710/target/qnx7/usr/include/c++/v1/ostream:611:1: note:   no known conversion for argument 1 from 'AircraftData' to 'float'
C:/Users/david/qnx710/target/qnx7/usr/include/c++/v1/ostream:637:1: note: candidate: 'std::__1::basic_ostream<_CharT, _Traits>& std::__1::basic_ostream<_CharT, _Traits>::operator<<(double) [with _CharT = char; _Traits = std::__1::char_traits<char>]'
 basic_ostream<_CharT, _Traits>::operator<<(double __n)
 ^~~~~~~~~~~~~~~~~~~~~~~~~~~~~~
C:/Users/david/qnx710/target/qnx7/usr/include/c++/v1/ostream:637:1: note:   no known conversion for argument 1 from 'AircraftData' to 'double'
C:/Users/david/qnx710/target/qnx7/usr/include/c++/v1/ostream:663:1: note: candidate: 'std::__1::basic_ostream<_CharT, _Traits>& std::__1::basic_ostream<_CharT, _Traits>::operator<<(long double) [with _CharT = char; _Traits = std::__1::char_traits<char>]'
 basic_ostream<_CharT, _Traits>::operator<<(long double __n)
 ^~~~~~~~~~~~~~~~~~~~~~~~~~~~~~
C:/Users/david/qnx710/target/qnx7/usr/include/c++/v1/ostream:663:1: note:   no known conversion for argument 1 from 'AircraftData' to 'long double'
C:/Users/david/qnx710/target/qnx7/usr/include/c++/v1/ostream:689:1: note: candidate: 'std::__1::basic_ostream<_CharT, _Traits>& std::__1::basic_ostream<_CharT, _Traits>::operator<<(const void*) [with _CharT = char; _Traits = std::__1::char_traits<char>]'
 basic_ostream<_CharT, _Traits>::operator<<(const void* __n)
 ^~~~~~~~~~~~~~~~~~~~~~~~~~~~~~
C:/Users/david/qnx710/target/qnx7/usr/include/c++/v1/ostream:689:1: note:   no known conversion for argument 1 from 'AircraftData' to 'const void*'
C:/Users/david/qnx710/target/qnx7/usr/include/c++/v1/ostream:317:1: note: candidate: 'std::__1::basic_ostream<_CharT, _Traits>& std::__1::basic_ostream<_CharT, _Traits>::operator<<(std::__1::basic_streambuf<_CharT, _Traits>*) [with _CharT = char; _Traits = std::__1::char_traits<char>]'
 basic_ostream<_CharT, _Traits>::operator<<(basic_streambuf<char_type, traits_type>* __sb)
 ^~~~~~~~~~~~~~~~~~~~~~~~~~~~~~
C:/Users/david/qnx710/target/qnx7/usr/include/c++/v1/ostream:317:1: note:   no known conversion for argument 1 from 'AircraftData' to 'std::__1::basic_streambuf<char>*'
C:/Users/david/qnx710/target/qnx7/usr/include/c++/v1/ostream:1070:1: note: candidate: 'template<class _CharT, class _Traits, class _Yp> std::__1::basic_ostream<_CharT, _Traits>& std::__1::operator<<(std::__1::basic_ostream<_CharT, _Traits>&, const std::__1::shared_ptr<_Yp>&)'
 operator<<(basic_ostream<_CharT, _Traits>& __os, shared_ptr<_Yp> const& __p)
 ^~~~~~~~
C:/Users/david/qnx710/target/qnx7/usr/include/c++/v1/ostream:1070:1: note:   template argument deduction/substitution failed:
src/ComputerSystem.cpp:47:46: note:   'AircraftData' is not derived from 'const std::__1::shared_ptr<_Yp>'
     std::cout << "Aircraft 1: "<< aircrafts[i] << " Aircraft 2: " << aircrafts[j] << std::endl;
                                              ^
In file included from C:/Users/david/qnx710/target/qnx7/usr/include/c++/v1/istream:164,
                 from C:/Users/david/qnx710/target/qnx7/usr/include/c++/v1/iostream:40,
                 from src/ComputerSystem.cpp:1:
C:/Users/david/qnx710/target/qnx7/usr/include/c++/v1/ostream:1045:1: note: candidate: 'template<class _CharT, class _Traits, class _Allocator> std::__1::basic_ostream<_CharT, _Traits>& std::__1::operator<<(std::__1::basic_ostream<_CharT, _Traits>&, const std::__1::basic_string<_CharT, _Traits, _Allocator>&)'
 operator<<(basic_ostream<_CharT, _Traits>& __os,
 ^~~~~~~~
C:/Users/david/qnx710/target/qnx7/usr/include/c++/v1/ostream:1045:1: note:   template argument deduction/substitution failed:
src/ComputerSystem.cpp:47:46: note:   'AircraftData' is not derived from 'const std::__1::basic_string<_CharT, _Traits, _Allocator>'
     std::cout << "Aircraft 1: "<< aircrafts[i] << " Aircraft 2: " << aircrafts[j] << std::endl;
                                              ^
In file included from C:/Users/david/qnx710/target/qnx7/usr/include/c++/v1/istream:164,
                 from C:/Users/david/qnx710/target/qnx7/usr/include/c++/v1/iostream:40,
                 from src/ComputerSystem.cpp:1:
C:/Users/david/qnx710/target/qnx7/usr/include/c++/v1/ostream:1089:1: note: candidate: 'template<class _CharT, class _Traits, long unsigned int _Size> std::__1::basic_ostream<_CharT, _Traits>& std::__1::operator<<(std::__1::basic_ostream<_CharT, _Traits>&, const std::__1::bitset<_Size>&)'
 operator<<(basic_ostream<_CharT, _Traits>& __os, const bitset<_Size>& __x)
 ^~~~~~~~
C:/Users/david/qnx710/target/qnx7/usr/include/c++/v1/ostream:1089:1: note:   template argument deduction/substitution failed:
src/ComputerSystem.cpp:47:46: note:   'AircraftData' is not derived from 'const std::__1::bitset<_Size>'
     std::cout << "Aircraft 1: "<< aircrafts[i] << " Aircraft 2: " << aircrafts[j] << std::endl;
                                              ^
In file included from C:/Users/david/qnx710/target/qnx7/usr/include/c++/v1/istream:164,
                 from C:/Users/david/qnx710/target/qnx7/usr/include/c++/v1/iostream:40,
                 from src/ComputerSystem.cpp:1:
C:/Users/david/qnx710/target/qnx7/usr/include/c++/v1/ostream:749:1: note: candidate: 'template<class _CharT, class _Traits> std::__1::basic_ostream<_CharT, _Traits>& std::__1::operator<<(std::__1::basic_ostream<_CharT, _Traits>&, _CharT)'
 operator<<(basic_ostream<_CharT, _Traits>& __os, _CharT __c)
 ^~~~~~~~
C:/Users/david/qnx710/target/qnx7/usr/include/c++/v1/ostream:749:1: note:   template argument deduction/substitution failed:
src/ComputerSystem.cpp:47:46: note:   deduced conflicting types for parameter '_CharT' ('char' and 'AircraftData')
     std::cout << "Aircraft 1: "<< aircrafts[i] << " Aircraft 2: " << aircrafts[j] << std::endl;
                                              ^
In file included from C:/Users/david/qnx710/target/qnx7/usr/include/c++/v1/istream:164,
                 from C:/Users/david/qnx710/target/qnx7/usr/include/c++/v1/iostream:40,
                 from src/ComputerSystem.cpp:1:
C:/Users/david/qnx710/target/qnx7/usr/include/c++/v1/ostream:756:1: note: candidate: 'template<class _CharT, class _Traits> std::__1::basic_ostream<_CharT, _Traits>& std::__1::operator<<(std::__1::basic_ostream<_CharT, _Traits>&, char)'
 operator<<(basic_ostream<_CharT, _Traits>& __os, char __cn)
 ^~~~~~~~
C:/Users/david/qnx710/target/qnx7/usr/include/c++/v1/ostream:756:1: note:   template argument deduction/substitution failed:
src/ComputerSystem.cpp:47:46: note:   cannot convert '*(aircrafts + ((sizetype)(((long unsigned int)i) * 64)))' (type 'AircraftData') to type 'char'
     std::cout << "Aircraft 1: "<< aircrafts[i] << " Aircraft 2: " << aircrafts[j] << std::endl;
                                   ~~~~~~~~~~~^
In file included from C:/Users/david/qnx710/target/qnx7/usr/include/c++/v1/istream:164,
                 from C:/Users/david/qnx710/target/qnx7/usr/include/c++/v1/iostream:40,
                 from src/ComputerSystem.cpp:1:
C:/Users/david/qnx710/target/qnx7/usr/include/c++/v1/ostream:789:1: note: candidate: 'template<class _Traits> std::__1::basic_ostream<char, _Traits>& std::__1::operator<<(std::__1::basic_ostream<char, _Traits>&, char)'
 operator<<(basic_ostream<char, _Traits>& __os, char __c)
 ^~~~~~~~
C:/Users/david/qnx710/target/qnx7/usr/include/c++/v1/ostream:789:1: note:   template argument deduction/substitution failed:
src/ComputerSystem.cpp:47:46: note:   cannot convert '*(aircrafts + ((sizetype)(((long unsigned int)i) * 64)))' (type 'AircraftData') to type 'char'
     std::cout << "Aircraft 1: "<< aircrafts[i] << " Aircraft 2: " << aircrafts[j] << std::endl;
                                   ~~~~~~~~~~~^
In file included from C:/Users/david/qnx710/target/qnx7/usr/include/c++/v1/istream:164,
                 from C:/Users/david/qnx710/target/qnx7/usr/include/c++/v1/iostream:40,
                 from src/ComputerSystem.cpp:1:
C:/Users/david/qnx710/target/qnx7/usr/include/c++/v1/ostream:796:1: note: candidate: 'template<class _Traits> std::__1::basic_ostream<char, _Traits>& std::__1::operator<<(std::__1::basic_ostream<char, _Traits>&, signed char)'
 operator<<(basic_ostream<char, _Traits>& __os, signed char __c)
 ^~~~~~~~
C:/Users/david/qnx710/target/qnx7/usr/include/c++/v1/ostream:796:1: note:   template argument deduction/substitution failed:
src/ComputerSystem.cpp:47:46: note:   cannot convert '*(aircrafts + ((sizetype)(((long unsigned int)i) * 64)))' (type 'AircraftData') to type 'signed char'
     std::cout << "Aircraft 1: "<< aircrafts[i] << " Aircraft 2: " << aircrafts[j] << std::endl;
                                   ~~~~~~~~~~~^
In file included from C:/Users/david/qnx710/target/qnx7/usr/include/c++/v1/istream:164,
                 from C:/Users/david/qnx710/target/qnx7/usr/include/c++/v1/iostream:40,
                 from src/ComputerSystem.cpp:1:
C:/Users/david/qnx710/target/qnx7/usr/include/c++/v1/ostream:803:1: note: candidate: 'template<class _Traits> std::__1::basic_ostream<char, _Traits>& std::__1::operator<<(std::__1::basic_ostream<char, _Traits>&, unsigned char)'
 operator<<(basic_ostream<char, _Traits>& __os, unsigned char __c)
 ^~~~~~~~
C:/Users/david/qnx710/target/qnx7/usr/include/c++/v1/ostream:803:1: note:   template argument deduction/substitution failed:
src/ComputerSystem.cpp:47:46: note:   cannot convert '*(aircrafts + ((sizetype)(((long unsigned int)i) * 64)))' (type 'AircraftData') to type 'unsigned char'
     std::cout << "Aircraft 1: "<< aircrafts[i] << " Aircraft 2: " << aircrafts[j] << std::endl;
                                   ~~~~~~~~~~~^
In file included from C:/Users/david/qnx710/target/qnx7/usr/include/c++/v1/istream:164,
                 from C:/Users/david/qnx710/target/qnx7/usr/include/c++/v1/iostream:40,
                 from src/ComputerSystem.cpp:1:
C:/Users/david/qnx710/target/qnx7/usr/include/c++/v1/ostream:810:1: note: candidate: 'template<class _CharT, class _Traits> std::__1::basic_ostream<_CharT, _Traits>& std::__1::operator<<(std::__1::basic_ostream<_CharT, _Traits>&, const _CharT*)'
 operator<<(basic_ostream<_CharT, _Traits>& __os, const _CharT* __str)
 ^~~~~~~~
C:/Users/david/qnx710/target/qnx7/usr/include/c++/v1/ostream:810:1: note:   template argument deduction/substitution failed:
src/ComputerSystem.cpp:47:46: note:   mismatched types 'const _CharT*' and 'AircraftData'
     std::cout << "Aircraft 1: "<< aircrafts[i] << " Aircraft 2: " << aircrafts[j] << std::endl;
                                              ^
In file included from C:/Users/david/qnx710/target/qnx7/usr/include/c++/v1/istream:164,
                 from C:/Users/david/qnx710/target/qnx7/usr/include/c++/v1/iostream:40,
                 from src/ComputerSystem.cpp:1:
C:/Users/david/qnx710/target/qnx7/usr/include/c++/v1/ostream:817:1: note: candidate: 'template<class _CharT, class _Traits> std::__1::basic_ostream<_CharT, _Traits>& std::__1::operator<<(std::__1::basic_ostream<_CharT, _Traits>&, const char*)'
 operator<<(basic_ostream<_CharT, _Traits>& __os, const char* __strn)
 ^~~~~~~~
C:/Users/david/qnx710/target/qnx7/usr/include/c++/v1/ostream:817:1: note:   template argument deduction/substitution failed:
src/ComputerSystem.cpp:47:46: note:   cannot convert '*(aircrafts + ((sizetype)(((long unsigned int)i) * 64)))' (type 'AircraftData') to type 'const char*'
     std::cout << "Aircraft 1: "<< aircrafts[i] << " Aircraft 2: " << aircrafts[j] << std::endl;
                                   ~~~~~~~~~~~^
In file included from C:/Users/david/qnx710/target/qnx7/usr/include/c++/v1/istream:164,
                 from C:/Users/david/qnx710/target/qnx7/usr/include/c++/v1/iostream:40,
                 from src/ComputerSystem.cpp:1:
C:/Users/david/qnx710/target/qnx7/usr/include/c++/v1/ostream:863:1: note: candidate: 'template<class _Traits> std::__1::basic_ostream<char, _Traits>& std::__1::operator<<(std::__1::basic_ostream<char, _Traits>&, const char*)'
 operator<<(basic_ostream<char, _Traits>& __os, const char* __str)
 ^~~~~~~~
C:/Users/david/qnx710/target/qnx7/usr/include/c++/v1/ostream:863:1: note:   template argument deduction/substitution failed:
src/ComputerSystem.cpp:47:46: note:   cannot convert '*(aircrafts + ((sizetype)(((long unsigned int)i) * 64)))' (type 'AircraftData') to type 'const char*'
     std::cout << "Aircraft 1: "<< aircrafts[i] << " Aircraft 2: " << aircrafts[j] << std::endl;
                                   ~~~~~~~~~~~^
In file included from C:/Users/david/qnx710/target/qnx7/usr/include/c++/v1/istream:164,
                 from C:/Users/david/qnx710/target/qnx7/usr/include/c++/v1/iostream:40,
                 from src/ComputerSystem.cpp:1:
C:/Users/david/qnx710/target/qnx7/usr/include/c++/v1/ostream:870:1: note: candidate: 'template<class _Traits> std::__1::basic_ostream<char, _Traits>& std::__1::operator<<(std::__1::basic_ostream<char, _Traits>&, const signed char*)'
 operator<<(basic_ostream<char, _Traits>& __os, const signed char* __str)
 ^~~~~~~~
C:/Users/david/qnx710/target/qnx7/usr/include/c++/v1/ostream:870:1: note:   template argument deduction/substitution failed:
src/ComputerSystem.cpp:47:46: note:   cannot convert '*(aircrafts + ((sizetype)(((long unsigned int)i) * 64)))' (type 'AircraftData') to type 'const signed char*'
     std::cout << "Aircraft 1: "<< aircrafts[i] << " Aircraft 2: " << aircrafts[j] << std::endl;
                                   ~~~~~~~~~~~^
In file included from C:/Users/david/qnx710/target/qnx7/usr/include/c++/v1/istream:164,
                 from C:/Users/david/qnx710/target/qnx7/usr/include/c++/v1/iostream:40,
                 from src/ComputerSystem.cpp:1:
C:/Users/david/qnx710/target/qnx7/usr/include/c++/v1/ostream:878:1: note: candidate: 'template<class _Traits> std::__1::basic_ostream<char, _Traits>& std::__1::operator<<(std::__1::basic_ostream<char, _Traits>&, const unsigned char*)'
 operator<<(basic_ostream<char, _Traits>& __os, const unsigned char* __str)
 ^~~~~~~~
C:/Users/david/qnx710/target/qnx7/usr/include/c++/v1/ostream:878:1: note:   template argument deduction/substitution failed:
src/ComputerSystem.cpp:47:46: note:   cannot convert '*(aircrafts + ((sizetype)(((long unsigned int)i) * 64)))' (type 'AircraftData') to type 'const unsigned char*'
     std::cout << "Aircraft 1: "<< aircrafts[i] << " Aircraft 2: " << aircrafts[j] << std::endl;
                                   ~~~~~~~~~~~^
In file included from C:/Users/david/qnx710/target/qnx7/usr/include/c++/v1/istream:164,
                 from C:/Users/david/qnx710/target/qnx7/usr/include/c++/v1/iostream:40,
                 from src/ComputerSystem.cpp:1:
C:/Users/david/qnx710/target/qnx7/usr/include/c++/v1/ostream:1035:1: note: candidate: 'template<class _Stream, class _Tp> typename std::__1::enable_if<((! std::__1::is_lvalue_reference<_Tp>::value) && std::__1::is_base_of<std::__1::ios_base, _Stream>::value), _Stream&&>::type std::__1::operator<<(_Stream&&, const _Tp&)'
 operator<<(_Stream&& __os, const _Tp& __x)
 ^~~~~~~~
C:/Users/david/qnx710/target/qnx7/usr/include/c++/v1/ostream:1035:1: note:   template argument deduction/substitution failed:
C:/Users/david/qnx710/target/qnx7/usr/include/c++/v1/ostream: In substitution of 'template<class _Stream, class _Tp> typename std::__1::enable_if<((! std::__1::is_lvalue_reference<_Tp>::value) && std::__1::is_base_of<std::__1::ios_base, _Stream>::value), _Stream&&>::type std::__1::operator<<(_Stream&&, const _Tp&) [with _Stream = std::__1::basic_ostream<char>&; _Tp = AircraftData]':
src/ComputerSystem.cpp:47:46:   required from here
C:/Users/david/qnx710/target/qnx7/usr/include/c++/v1/ostream:1035:1: error: no type named 'type' in 'struct std::__1::enable_if<false, std::__1::basic_ostream<char>&>'
C:/Users/david/qnx710/target/qnx7/usr/include/c++/v1/ostream:1053:1: note: candidate: 'template<class _CharT, class _Traits> std::__1::basic_ostream<_CharT, _Traits>& std::__1::operator<<(std::__1::basic_ostream<_CharT, _Traits>&, std::__1::basic_string_view<_CharT, _Traits>)'
 operator<<(basic_ostream<_CharT, _Traits>& __os,
 ^~~~~~~~
C:/Users/david/qnx710/target/qnx7/usr/include/c++/v1/ostream:1053:1: note:   template argument deduction/substitution failed:
src/ComputerSystem.cpp:47:46: note:   'AircraftData' is not derived from 'std::__1::basic_string_view<_CharT, _Traits>'
     std::cout << "Aircraft 1: "<< aircrafts[i] << " Aircraft 2: " << aircrafts[j] << std::endl;
                                              ^
In file included from C:/Users/david/qnx710/target/qnx7/usr/include/c++/v1/istream:164,
                 from C:/Users/david/qnx710/target/qnx7/usr/include/c++/v1/iostream:40,
                 from src/ComputerSystem.cpp:1:
C:/Users/david/qnx710/target/qnx7/usr/include/c++/v1/ostream:1062:1: note: candidate: 'template<class _CharT, class _Traits> std::__1::basic_ostream<_CharT, _Traits>& std::__1::operator<<(std::__1::basic_ostream<_CharT, _Traits>&, const std::__1::error_code&)'
 operator<<(basic_ostream<_CharT, _Traits>& __os, const error_code& __ec)
 ^~~~~~~~
C:/Users/david/qnx710/target/qnx7/usr/include/c++/v1/ostream:1062:1: note:   template argument deduction/substitution failed:
src/ComputerSystem.cpp:47:46: note:   cannot convert '*(aircrafts + ((sizetype)(((long unsigned int)i) * 64)))' (type 'AircraftData') to type 'const std::__1::error_code&'
     std::cout << "Aircraft 1: "<< aircrafts[i] << " Aircraft 2: " << aircrafts[j] << std::endl;
                                   ~~~~~~~~~~~^
In file included from C:/Users/david/qnx710/target/qnx7/usr/include/c++/v1/istream:164,
                 from C:/Users/david/qnx710/target/qnx7/usr/include/c++/v1/iostream:40,
                 from src/ComputerSystem.cpp:1:
C:/Users/david/qnx710/target/qnx7/usr/include/c++/v1/ostream:1082:1: note: candidate: 'template<class _CharT, class _Traits, class _Yp, class _Dp> typename std::__1::enable_if<std::__1::is_same<void, typename std::__1::__void_t<decltype ((declval<std::__1::basic_ostream<_CharT, _Traits>&>() << declval<typename std::__1::unique_ptr<_T2, _D2>::pointer>()))>::type>::value, std::__1::basic_ostream<_CharT, _Traits>&>::type std::__1::operator<<(std::__1::basic_ostream<_CharT, _Traits>&, const std::__1::unique_ptr<_T2, _D2>&)'
 operator<<(basic_ostream<_CharT, _Traits>& __os, unique_ptr<_Yp, _Dp> const& __p)
 ^~~~~~~~
C:/Users/david/qnx710/target/qnx7/usr/include/c++/v1/ostream:1082:1: note:   template argument deduction/substitution failed:
src/ComputerSystem.cpp:47:46: note:   'AircraftData' is not derived from 'const std::__1::unique_ptr<_T2, _D2>'
     std::cout << "Aircraft 1: "<< aircrafts[i] << " Aircraft 2: " << aircrafts[j] << std::endl;
                                              ^
cc: C:/Users/david/qnx710/host/win64/x86_64/usr/lib/gcc/x86_64-pc-nto-qnx7.1.0/8.3.0/cc1plus caught signal 1
make: *** [build/x86_64-debug/src/ComputerSystem.o] Error 1
Makefile:58: recipe for target 'build/x86_64-debug/src/ComputerSystem.o' failed
"make -j8 all" terminated with exit code 2. Build might be incomplete.
00:54:03 **** Incremental Build of configuration x86_64-debug for project ComputerSystem ****
make -j8 all 
q++ -Vgcc_ntox86_64_cxx -c -Wp,-MMD,build/x86_64-debug/src/ComputerSystem.d,-MT,build/x86_64-debug/src/ComputerSystem.o -o build/x86_64-debug/src/ComputerSystem.o  -Wall -fmessage-length=0 -g -O0 -fno-builtin  src/ComputerSystem.cpp
q++ -Vgcc_ntox86_64_cxx -o build/x86_64-debug/ComputerSystem   build/x86_64-debug/src/ComputerSystem.o  
00:54:07 **** Incremental Build of configuration x86_64-debug for project ComputerSystem ****
make -j8 all 
make: Nothing to be done for 'all'.
